TN:
SF:/Users/mattfewer/dev/personalwebsite/pencilblue/include/config.js
FN:38,Configuration
FN:698,(anonymous_2)
FN:712,(anonymous_3)
FN:747,(anonymous_4)
FN:762,(anonymous_5)
FNF:5
FNH:2
FNDA:0,Configuration
FNDA:6,(anonymous_2)
FNDA:0,(anonymous_3)
FNDA:0,(anonymous_4)
FNDA:2,(anonymous_5)
DA:19,1
DA:20,1
DA:21,1
DA:22,1
DA:23,1
DA:24,1
DA:25,1
DA:38,1
DA:47,1
DA:56,1
DA:66,1
DA:76,1
DA:86,1
DA:96,1
DA:106,1
DA:116,1
DA:127,1
DA:698,1
DA:699,6
DA:712,1
DA:713,0
DA:714,0
DA:716,0
DA:717,0
DA:721,0
DA:722,0
DA:723,0
DA:724,0
DA:726,0
DA:727,0
DA:729,0
DA:730,0
DA:731,0
DA:732,0
DA:735,0
DA:741,0
DA:742,0
DA:743,0
DA:746,0
DA:747,0
DA:748,0
DA:751,0
DA:754,0
DA:762,1
DA:765,2
DA:768,2
DA:769,1
DA:772,2
DA:776,1
LF:49
LH:26
BRDA:142,1,0,1
BRDA:142,1,1,1
BRDA:142,1,2,1
BRDA:713,2,0,0
BRDA:713,2,1,0
BRDA:716,3,0,0
BRDA:716,3,1,0
BRDA:727,4,0,0
BRDA:727,4,1,0
BRDA:742,5,0,0
BRDA:742,5,1,0
BRDA:768,6,0,1
BRDA:768,6,1,1
BRF:13
BRH:5
end_of_record
TN:
SF:/Users/mattfewer/dev/personalwebsite/pencilblue/include/util.js
FN:34,Util
FN:44,(anonymous_2)
FN:58,(anonymous_3)
FN:69,(anonymous_4)
FN:88,(anonymous_5)
FN:104,(anonymous_6)
FN:120,(anonymous_7)
FN:121,(anonymous_8)
FN:134,(anonymous_9)
FN:160,(anonymous_10)
FN:181,(anonymous_11)
FN:185,(anonymous_12)
FN:200,(anonymous_13)
FN:210,(anonymous_14)
FN:230,(anonymous_15)
FN:273,(anonymous_16)
FN:320,(anonymous_17)
FN:341,(anonymous_18)
FN:364,(anonymous_19)
FN:385,(anonymous_20)
FN:405,(anonymous_21)
FN:421,(anonymous_22)
FN:431,(anonymous_23)
FN:442,(anonymous_24)
FN:453,(anonymous_25)
FN:464,(anonymous_26)
FN:475,(anonymous_27)
FN:486,(anonymous_28)
FN:497,(anonymous_29)
FN:500,(anonymous_30)
FN:505,(anonymous_31)
FN:506,(anonymous_32)
FN:509,(anonymous_33)
FN:523,(anonymous_34)
FN:546,(anonymous_35)
FN:551,(anonymous_36)
FN:556,(anonymous_37)
FN:569,(anonymous_38)
FN:570,(anonymous_39)
FN:573,(anonymous_40)
FN:591,(anonymous_41)
FN:596,(anonymous_42)
FN:607,(anonymous_43)
FN:624,(anonymous_44)
FN:638,(anonymous_45)
FN:639,(anonymous_46)
FN:650,(anonymous_47)
FN:658,(anonymous_48)
FN:673,(anonymous_49)
FN:681,(anonymous_50)
FN:708,(anonymous_51)
FN:747,(anonymous_52)
FNF:52
FNH:47
FNDA:0,Util
FNDA:8,(anonymous_2)
FNDA:5,(anonymous_3)
FNDA:2,(anonymous_4)
FNDA:2,(anonymous_5)
FNDA:2,(anonymous_6)
FNDA:89,(anonymous_7)
FNDA:53,(anonymous_8)
FNDA:1,(anonymous_9)
FNDA:4,(anonymous_10)
FNDA:1,(anonymous_11)
FNDA:1,(anonymous_12)
FNDA:95,(anonymous_13)
FNDA:63,(anonymous_14)
FNDA:4,(anonymous_15)
FNDA:6,(anonymous_16)
FNDA:2,(anonymous_17)
FNDA:3,(anonymous_18)
FNDA:2,(anonymous_19)
FNDA:2,(anonymous_20)
FNDA:3,(anonymous_21)
FNDA:0,(anonymous_22)
FNDA:1,(anonymous_23)
FNDA:1,(anonymous_24)
FNDA:0,(anonymous_25)
FNDA:0,(anonymous_26)
FNDA:1,(anonymous_27)
FNDA:0,(anonymous_28)
FNDA:4,(anonymous_29)
FNDA:2,(anonymous_30)
FNDA:5,(anonymous_31)
FNDA:5,(anonymous_32)
FNDA:5,(anonymous_33)
FNDA:1,(anonymous_34)
FNDA:7,(anonymous_35)
FNDA:5,(anonymous_36)
FNDA:6,(anonymous_37)
FNDA:20,(anonymous_38)
FNDA:17,(anonymous_39)
FNDA:17,(anonymous_40)
FNDA:1,(anonymous_41)
FNDA:2,(anonymous_42)
FNDA:3,(anonymous_43)
FNDA:3,(anonymous_44)
FNDA:14,(anonymous_45)
FNDA:12,(anonymous_46)
FNDA:11,(anonymous_47)
FNDA:2,(anonymous_48)
FNDA:6,(anonymous_49)
FNDA:36,(anonymous_50)
FNDA:5,(anonymous_51)
FNDA:84,(anonymous_52)
DA:19,1
DA:20,1
DA:21,1
DA:22,1
DA:23,1
DA:24,1
DA:25,1
DA:34,1
DA:44,1
DA:45,8
DA:58,1
DA:59,5
DA:69,1
DA:70,2
DA:71,1
DA:88,1
DA:89,2
DA:90,2
DA:91,2
DA:92,6
DA:94,2
DA:104,1
DA:105,2
DA:106,1
DA:108,1
DA:120,1
DA:121,89
DA:122,53
DA:124,89
DA:134,1
DA:135,1
DA:136,1
DA:137,1
DA:138,1
DA:160,1
DA:161,4
DA:162,4
DA:163,22
DA:165,4
DA:181,1
DA:182,1
DA:183,1
DA:185,1
DA:186,1
DA:187,1
DA:200,1
DA:202,95
DA:203,95
DA:204,95
DA:207,93
DA:209,11
DA:210,11
DA:211,63
DA:215,82
DA:219,13
DA:230,1
DA:231,4
DA:232,1
DA:236,3
DA:237,1
DA:239,3
DA:240,3
DA:241,9
DA:242,3
DA:245,6
DA:248,3
DA:273,1
DA:274,6
DA:275,2
DA:278,4
DA:279,4
DA:280,4
DA:281,1
DA:284,3
DA:285,3
DA:286,3
DA:287,1
DA:290,3
DA:291,3
DA:293,3
DA:294,3
DA:296,3
DA:297,1
DA:299,2
DA:300,1
DA:303,1
DA:306,3
DA:320,1
DA:321,2
DA:322,1
DA:325,1
DA:326,1
DA:327,1
DA:329,1
DA:341,1
DA:342,3
DA:343,0
DA:346,3
DA:347,3
DA:348,3
DA:349,7
DA:350,7
DA:351,1
DA:354,3
DA:364,1
DA:365,2
DA:366,1
DA:369,1
DA:370,1
DA:371,2
DA:372,2
DA:375,1
DA:385,1
DA:386,2
DA:387,1
DA:390,1
DA:391,1
DA:392,2
DA:394,1
DA:405,1
DA:406,3
DA:407,2
DA:410,1
DA:411,2
DA:421,1
DA:431,1
DA:432,1
DA:442,1
DA:443,1
DA:453,1
DA:454,0
DA:464,1
DA:465,0
DA:475,1
DA:476,1
DA:486,1
DA:487,0
DA:497,1
DA:499,4
DA:500,4
DA:501,2
DA:502,1
DA:505,1
DA:506,5
DA:508,5
DA:509,5
DA:510,5
DA:511,0
DA:513,5
DA:514,0
DA:516,5
DA:517,1
DA:519,5
DA:523,1
DA:524,1
DA:546,1
DA:547,7
DA:548,4
DA:549,4
DA:551,5
DA:556,7
DA:557,6
DA:558,3
DA:562,3
DA:563,15
DA:567,3
DA:568,3
DA:569,20
DA:572,17
DA:573,17
DA:574,17
DA:575,0
DA:579,17
DA:580,17
DA:581,10
DA:585,17
DA:586,12
DA:590,17
DA:591,1
DA:592,1
DA:593,0
DA:596,1
DA:597,2
DA:599,1
DA:603,16
DA:608,3
DA:624,1
DA:625,3
DA:626,3
DA:627,3
DA:630,3
DA:631,1
DA:634,2
DA:636,2
DA:637,2
DA:638,2
DA:639,14
DA:644,12
DA:645,12
DA:646,1
DA:649,11
DA:650,11
DA:651,11
DA:652,7
DA:654,4
DA:658,2
DA:659,2
DA:673,1
DA:674,6
DA:675,1
DA:678,5
DA:679,5
DA:680,5
DA:681,5
DA:686,36
DA:687,7
DA:690,29
DA:691,29
DA:692,3
DA:708,1
DA:709,5
DA:710,2
DA:712,3
DA:713,2
DA:717,3
DA:718,3
DA:719,3
DA:722,3
DA:723,3
DA:724,3
DA:725,2
DA:728,2
DA:729,1
DA:732,3
DA:737,1
DA:747,1
DA:748,84
DA:749,2
DA:752,82
DA:753,82
DA:763,1
DA:772,1
LF:242
LH:234
BRDA:70,1,0,1
BRDA:70,1,1,1
BRDA:92,2,0,3
BRDA:92,2,1,3
BRDA:105,3,0,1
BRDA:105,3,1,1
BRDA:182,4,0,1
BRDA:182,4,1,0
BRDA:204,5,0,2
BRDA:204,5,1,93
BRDA:207,6,0,11
BRDA:207,6,1,82
BRDA:231,7,0,1
BRDA:231,7,1,3
BRDA:236,8,0,1
BRDA:236,8,1,2
BRDA:241,9,0,3
BRDA:241,9,1,6
BRDA:274,10,0,2
BRDA:274,10,1,4
BRDA:280,11,0,1
BRDA:280,11,1,3
BRDA:280,12,0,4
BRDA:280,12,1,2
BRDA:286,13,0,1
BRDA:286,13,1,2
BRDA:286,14,0,3
BRDA:286,14,1,2
BRDA:294,15,0,2
BRDA:294,15,1,1
BRDA:296,16,0,1
BRDA:296,16,1,2
BRDA:299,17,0,1
BRDA:299,17,1,1
BRDA:321,18,0,1
BRDA:321,18,1,1
BRDA:342,19,0,0
BRDA:342,19,1,3
BRDA:350,20,0,1
BRDA:350,20,1,6
BRDA:365,21,0,1
BRDA:365,21,1,1
BRDA:371,22,0,2
BRDA:371,22,1,0
BRDA:386,23,0,1
BRDA:386,23,1,1
BRDA:406,24,0,2
BRDA:406,24,1,1
BRDA:406,25,0,3
BRDA:406,25,1,2
BRDA:443,26,0,1
BRDA:443,26,1,1
BRDA:454,27,0,0
BRDA:454,27,1,0
BRDA:465,28,0,0
BRDA:465,28,1,0
BRDA:476,29,0,1
BRDA:476,29,1,1
BRDA:487,30,0,0
BRDA:487,30,1,0
BRDA:501,31,0,1
BRDA:501,31,1,1
BRDA:510,32,0,0
BRDA:510,32,1,5
BRDA:513,33,0,0
BRDA:513,33,1,5
BRDA:516,34,0,1
BRDA:516,34,1,4
BRDA:547,35,0,4
BRDA:547,35,1,3
BRDA:557,36,0,3
BRDA:557,36,1,3
BRDA:574,37,0,0
BRDA:574,37,1,17
BRDA:580,38,0,10
BRDA:580,38,1,7
BRDA:585,39,0,12
BRDA:585,39,1,5
BRDA:590,40,0,1
BRDA:590,40,1,16
BRDA:590,41,0,17
BRDA:590,41,1,7
BRDA:592,42,0,0
BRDA:592,42,1,1
BRDA:625,43,0,3
BRDA:625,43,1,0
BRDA:630,44,0,1
BRDA:630,44,1,2
BRDA:645,45,0,1
BRDA:645,45,1,11
BRDA:645,46,0,12
BRDA:645,46,1,11
BRDA:645,46,2,0
BRDA:649,47,0,0
BRDA:649,47,1,11
BRDA:649,48,0,11
BRDA:649,48,1,0
BRDA:651,49,0,7
BRDA:651,49,1,4
BRDA:674,50,0,1
BRDA:674,50,1,5
BRDA:686,51,0,7
BRDA:686,51,1,29
BRDA:686,52,0,36
BRDA:686,52,1,32
BRDA:686,52,2,21
BRDA:690,53,0,0
BRDA:690,53,1,29
BRDA:690,54,0,29
BRDA:690,54,1,0
BRDA:691,55,0,3
BRDA:691,55,1,26
BRDA:709,56,0,2
BRDA:709,56,1,3
BRDA:709,57,0,5
BRDA:709,57,1,4
BRDA:712,58,0,2
BRDA:712,58,1,1
BRDA:717,59,0,3
BRDA:717,59,1,0
BRDA:717,60,0,3
BRDA:717,60,1,3
BRDA:718,61,0,3
BRDA:718,61,1,0
BRDA:724,62,0,2
BRDA:724,62,1,1
BRDA:728,63,0,1
BRDA:728,63,1,1
BRDA:748,64,0,2
BRDA:748,64,1,82
BRDA:748,65,0,84
BRDA:748,65,1,83
BRF:132
BRH:111
end_of_record
TN:
SF:/Users/mattfewer/dev/personalwebsite/pencilblue/lib/index.js
FNF:0
FNH:0
DA:1,1
LF:1
LH:1
BRF:0
BRH:0
end_of_record
TN:
SF:/Users/mattfewer/dev/personalwebsite/pencilblue/include/requirements.js
FN:28,PB
FN:39,(anonymous_2)
FN:110,(anonymous_3)
FN:169,(anonymous_4)
FN:176,(anonymous_5)
FN:183,(anonymous_6)
FN:198,(anonymous_7)
FNF:7
FNH:1
FNDA:3,PB
FNDA:0,(anonymous_2)
FNDA:0,(anonymous_3)
FNDA:0,(anonymous_4)
FNDA:0,(anonymous_5)
FNDA:0,(anonymous_6)
FNDA:0,(anonymous_7)
DA:19,1
DA:28,1
DA:31,3
DA:34,3
DA:37,3
DA:38,3
DA:40,0
DA:41,0
DA:46,3
DA:49,3
DA:50,3
DA:53,3
DA:54,3
DA:55,3
DA:58,3
DA:59,3
DA:62,3
DA:65,3
DA:66,3
DA:67,3
DA:70,3
DA:76,3
DA:79,3
DA:80,3
DA:81,3
DA:84,3
DA:85,3
DA:86,3
DA:87,3
DA:88,3
DA:89,3
DA:90,3
DA:91,3
DA:92,3
DA:95,3
DA:96,3
DA:97,3
DA:100,3
DA:101,3
DA:102,3
DA:103,3
DA:104,3
DA:107,3
DA:108,3
DA:109,3
DA:111,0
DA:112,0
DA:117,3
DA:118,3
DA:119,3
DA:120,3
DA:121,3
DA:122,3
DA:123,3
DA:124,3
DA:125,3
DA:126,3
DA:127,3
DA:130,3
DA:131,3
DA:132,3
DA:135,3
DA:138,3
DA:139,3
DA:140,3
DA:143,3
DA:144,3
DA:145,3
DA:148,3
DA:149,3
DA:152,3
DA:153,3
DA:154,3
DA:155,3
DA:156,3
DA:157,3
DA:158,3
DA:159,3
DA:160,3
DA:163,3
DA:166,3
DA:167,3
DA:168,3
DA:170,0
DA:171,0
DA:174,3
DA:175,3
DA:177,0
DA:178,0
DA:181,3
DA:182,3
DA:184,0
DA:185,0
DA:188,3
DA:189,3
DA:190,3
DA:191,3
DA:192,3
DA:193,3
DA:196,3
DA:197,3
DA:199,0
DA:200,0
DA:205,3
DA:215,3
DA:228,3
DA:231,3
DA:232,3
DA:235,3
DA:236,3
DA:237,3
DA:238,3
DA:239,3
DA:240,3
DA:241,3
DA:243,3
DA:244,3
DA:245,3
DA:246,3
DA:248,3
LF:120
LH:108
BRF:0
BRH:0
end_of_record
TN:
SF:/Users/mattfewer/dev/personalwebsite/pencilblue/include/service/entities/url_service.js
FN:22,UrlServiceModule
FN:34,UrlService
FN:47,(anonymous_3)
FN:70,(anonymous_4)
FN:95,(anonymous_5)
FN:105,(anonymous_6)
FN:125,(anonymous_7)
FN:151,(anonymous_8)
FN:168,(anonymous_9)
FN:172,(anonymous_10)
FNF:10
FNH:3
FNDA:4,UrlServiceModule
FNDA:0,UrlService
FNDA:0,(anonymous_3)
FNDA:0,(anonymous_4)
FNDA:0,(anonymous_5)
FNDA:4,(anonymous_6)
FNDA:0,(anonymous_7)
FNDA:0,(anonymous_8)
FNDA:0,(anonymous_9)
FNDA:2,(anonymous_10)
DA:19,1
DA:20,1
DA:22,1
DA:34,1
DA:37,4
DA:47,4
DA:49,0
DA:50,0
DA:51,0
DA:52,0
DA:53,0
DA:54,0
DA:55,0
DA:58,0
DA:70,4
DA:71,0
DA:72,0
DA:73,0
DA:76,0
DA:77,0
DA:78,0
DA:82,0
DA:83,0
DA:85,0
DA:86,0
DA:88,0
DA:91,0
DA:94,0
DA:95,0
DA:96,0
DA:105,4
DA:106,4
DA:107,4
DA:108,6
DA:109,6
DA:111,4
DA:112,4
DA:113,2
DA:115,4
DA:125,4
DA:126,0
DA:127,0
DA:128,0
DA:131,0
DA:132,0
DA:133,0
DA:137,0
DA:138,0
DA:140,0
DA:151,4
DA:152,0
DA:153,0
DA:154,0
DA:157,0
DA:158,0
DA:168,4
DA:169,0
DA:172,4
DA:173,2
DA:177,4
LF:60
LH:22
BRDA:53,1,0,0
BRDA:53,1,1,0
BRDA:76,2,0,0
BRDA:76,2,1,0
BRDA:76,3,0,0
BRDA:76,3,1,0
BRDA:82,4,0,0
BRDA:82,4,1,0
BRDA:85,5,0,0
BRDA:85,5,1,0
BRDA:112,6,0,2
BRDA:112,6,1,2
BRDA:112,7,0,4
BRDA:112,7,1,4
BRDA:112,7,2,2
BRDA:112,7,3,2
BRDA:127,8,0,0
BRDA:127,8,1,0
BRDA:132,9,0,0
BRDA:132,9,1,0
BRDA:137,10,0,0
BRDA:137,10,1,0
BRDA:153,11,0,0
BRDA:153,11,1,0
BRDA:157,12,0,0
BRDA:157,12,1,0
BRDA:169,13,0,0
BRDA:169,13,1,0
BRF:28
BRH:6
end_of_record
TN:
SF:/Users/mattfewer/dev/personalwebsite/pencilblue/include/service/entities/content/article_renderer.js
FN:22,(anonymous_1)
FN:33,ArticleRenderer
FN:67,(anonymous_3)
FN:103,(anonymous_4)
FN:113,(anonymous_5)
FN:139,(anonymous_6)
FN:153,(anonymous_7)
FN:170,(anonymous_8)
FN:175,(anonymous_9)
FN:188,(anonymous_10)
FN:202,(anonymous_11)
FN:207,(anonymous_12)
FN:222,(anonymous_13)
FN:225,(anonymous_14)
FN:242,(anonymous_15)
FN:243,(anonymous_16)
FN:257,(anonymous_17)
FN:272,(anonymous_18)
FN:282,(anonymous_19)
FN:346,(anonymous_20)
FN:366,(anonymous_21)
FN:376,(anonymous_22)
FN:386,(anonymous_23)
FN:397,(anonymous_24)
FN:409,(anonymous_25)
FN:418,(anonymous_26)
FNF:26
FNH:9
FNDA:4,(anonymous_1)
FNDA:4,ArticleRenderer
FNDA:0,(anonymous_3)
FNDA:0,(anonymous_4)
FNDA:0,(anonymous_5)
FNDA:0,(anonymous_6)
FNDA:0,(anonymous_7)
FNDA:0,(anonymous_8)
FNDA:0,(anonymous_9)
FNDA:0,(anonymous_10)
FNDA:0,(anonymous_11)
FNDA:0,(anonymous_12)
FNDA:0,(anonymous_13)
FNDA:0,(anonymous_14)
FNDA:0,(anonymous_15)
FNDA:0,(anonymous_16)
FNDA:0,(anonymous_17)
FNDA:0,(anonymous_18)
FNDA:0,(anonymous_19)
FNDA:3,(anonymous_20)
FNDA:2,(anonymous_21)
FNDA:2,(anonymous_22)
FNDA:2,(anonymous_23)
FNDA:4,(anonymous_24)
FNDA:3,(anonymous_25)
FNDA:1,(anonymous_26)
DA:19,1
DA:20,1
DA:22,1
DA:25,4
DA:33,1
DA:40,4
DA:50,4
DA:67,4
DA:68,0
DA:69,0
DA:71,0
DA:72,0
DA:74,0
DA:75,0
DA:77,0
DA:78,0
DA:80,0
DA:81,0
DA:84,0
DA:85,0
DA:87,0
DA:88,0
DA:90,0
DA:93,0
DA:98,0
DA:99,0
DA:103,0
DA:104,0
DA:113,4
DA:115,0
DA:116,0
DA:117,0
DA:118,0
DA:121,0
DA:122,0
DA:123,0
DA:124,0
DA:127,0
DA:128,0
DA:129,0
DA:130,0
DA:139,4
DA:140,0
DA:141,0
DA:153,4
DA:154,0
DA:156,0
DA:157,0
DA:159,0
DA:160,0
DA:170,4
DA:171,0
DA:173,0
DA:174,0
DA:175,0
DA:176,0
DA:177,0
DA:178,0
DA:188,4
DA:189,0
DA:190,0
DA:191,0
DA:194,0
DA:202,0
DA:203,0
DA:204,0
DA:207,0
DA:208,0
DA:209,0
DA:222,4
DA:225,0
DA:226,0
DA:227,0
DA:229,0
DA:230,0
DA:231,0
DA:232,0
DA:234,0
DA:235,0
DA:240,0
DA:241,0
DA:242,0
DA:243,0
DA:245,0
DA:246,0
DA:249,0
DA:250,0
DA:251,0
DA:252,0
DA:256,0
DA:257,0
DA:258,0
DA:259,0
DA:260,0
DA:264,0
DA:265,0
DA:266,0
DA:268,0
DA:272,0
DA:273,0
DA:282,4
DA:283,0
DA:284,0
DA:285,0
DA:286,0
DA:290,0
DA:291,0
DA:292,0
DA:293,0
DA:295,0
DA:298,0
DA:299,0
DA:302,0
DA:303,0
DA:308,0
DA:309,0
DA:310,0
DA:311,0
DA:312,0
DA:317,0
DA:318,0
DA:321,0
DA:322,0
DA:324,0
DA:325,0
DA:327,0
DA:330,0
DA:331,0
DA:335,0
DA:337,0
DA:346,4
DA:347,3
DA:349,3
DA:350,2
DA:351,2
DA:354,1
DA:356,3
DA:366,4
DA:367,2
DA:376,4
DA:378,2
DA:379,2
DA:386,4
DA:387,2
DA:397,4
DA:398,4
DA:409,4
DA:410,3
DA:418,4
DA:419,1
DA:420,0
DA:422,1
DA:425,4
LF:153
LH:37
BRDA:68,1,0,0
BRDA:68,1,1,0
BRDA:71,2,0,0
BRDA:71,2,1,0
BRDA:74,3,0,0
BRDA:74,3,1,0
BRDA:74,4,0,0
BRDA:74,4,1,0
BRDA:77,5,0,0
BRDA:77,5,1,0
BRDA:80,6,0,0
BRDA:80,6,1,0
BRDA:84,7,0,0
BRDA:84,7,1,0
BRDA:87,8,0,0
BRDA:87,8,1,0
BRDA:98,9,0,0
BRDA:98,9,1,0
BRDA:116,10,0,0
BRDA:116,10,1,0
BRDA:122,11,0,0
BRDA:122,11,1,0
BRDA:122,12,0,0
BRDA:122,12,1,0
BRDA:129,13,0,0
BRDA:129,13,1,0
BRDA:129,14,0,0
BRDA:129,14,1,0
BRDA:140,15,0,0
BRDA:140,15,1,0
BRDA:156,16,0,0
BRDA:156,16,1,0
BRDA:159,17,0,0
BRDA:159,17,1,0
BRDA:159,18,0,0
BRDA:159,18,1,0
BRDA:190,19,0,0
BRDA:190,19,1,0
BRDA:203,20,0,0
BRDA:203,20,1,0
BRDA:203,21,0,0
BRDA:203,21,1,0
BRDA:229,22,0,0
BRDA:229,22,1,0
BRDA:231,23,0,0
BRDA:231,23,1,0
BRDA:234,24,0,0
BRDA:234,24,1,0
BRDA:246,25,0,0
BRDA:246,25,1,0
BRDA:246,26,0,0
BRDA:246,26,1,0
BRDA:258,27,0,0
BRDA:258,27,1,0
BRDA:258,28,0,0
BRDA:258,28,1,0
BRDA:291,29,0,0
BRDA:291,29,1,0
BRDA:298,30,0,0
BRDA:298,30,1,0
BRDA:298,31,0,0
BRDA:298,31,1,0
BRDA:298,31,2,0
BRDA:298,31,3,0
BRDA:310,32,0,0
BRDA:310,32,1,0
BRDA:317,33,0,0
BRDA:317,33,1,0
BRDA:321,34,0,0
BRDA:321,34,1,0
BRDA:322,35,0,0
BRDA:322,35,1,0
BRDA:322,36,0,0
BRDA:322,36,1,0
BRDA:330,37,0,0
BRDA:330,37,1,0
BRDA:349,38,0,2
BRDA:349,38,1,1
BRDA:419,39,0,0
BRDA:419,39,1,1
BRF:80
BRH:3
end_of_record
TN:
SF:/Users/mattfewer/dev/personalwebsite/pencilblue/include/utils/logging.js
FN:24,LogFactory
FN:64,(anonymous_2)
FN:73,(anonymous_3)
FNF:3
FNH:2
FNDA:3,LogFactory
FNDA:0,(anonymous_2)
FNDA:20,(anonymous_3)
DA:19,1
DA:20,1
DA:21,1
DA:22,1
DA:24,1
DA:27,3
DA:28,0
DA:30,3
DA:31,0
DA:33,3
DA:36,3
DA:41,3
DA:44,3
DA:47,3
DA:48,3
DA:53,3
DA:64,3
DA:65,0
DA:73,3
DA:74,20
DA:78,3
DA:79,3
LF:22
LH:19
BRDA:27,1,0,0
BRDA:27,1,1,3
BRDA:30,2,0,0
BRDA:30,2,1,3
BRDA:33,3,0,3
BRDA:33,3,1,0
BRDA:37,4,0,0
BRDA:37,4,1,3
BRDA:41,5,0,3
BRDA:41,5,1,0
BRF:10
BRH:5
end_of_record
TN:
SF:/Users/mattfewer/dev/personalwebsite/pencilblue/include/system/system.js
FN:32,System
FN:89,(anonymous_2)
FN:105,(anonymous_3)
FN:118,(anonymous_4)
FN:129,(anonymous_5)
FN:168,(anonymous_6)
FN:176,(anonymous_7)
FN:184,(anonymous_8)
FN:197,(anonymous_9)
FN:212,(anonymous_10)
FN:213,(anonymous_11)
FN:215,(anonymous_12)
FN:222,(anonymous_13)
FN:224,(anonymous_14)
FN:232,(anonymous_15)
FN:242,(anonymous_16)
FN:257,(anonymous_17)
FN:273,(anonymous_18)
FN:280,(anonymous_19)
FN:288,(anonymous_20)
FN:295,(anonymous_21)
FNF:21
FNH:2
FNDA:3,System
FNDA:0,(anonymous_2)
FNDA:0,(anonymous_3)
FNDA:0,(anonymous_4)
FNDA:0,(anonymous_5)
FNDA:0,(anonymous_6)
FNDA:0,(anonymous_7)
FNDA:6,(anonymous_8)
FNDA:0,(anonymous_9)
FNDA:0,(anonymous_10)
FNDA:0,(anonymous_11)
FNDA:0,(anonymous_12)
FNDA:0,(anonymous_13)
FNDA:0,(anonymous_14)
FNDA:0,(anonymous_15)
FNDA:0,(anonymous_16)
FNDA:0,(anonymous_17)
FNDA:0,(anonymous_18)
FNDA:0,(anonymous_19)
FNDA:0,(anonymous_20)
FNDA:0,(anonymous_21)
DA:19,1
DA:20,1
DA:21,1
DA:22,1
DA:23,1
DA:24,1
DA:32,1
DA:41,3
DA:49,3
DA:57,3
DA:65,3
DA:73,3
DA:82,3
DA:89,3
DA:90,0
DA:91,0
DA:94,0
DA:95,0
DA:97,0
DA:105,3
DA:107,0
DA:108,0
DA:109,0
DA:113,0
DA:114,0
DA:117,0
DA:118,0
DA:119,0
DA:122,0
DA:129,3
DA:130,0
DA:132,0
DA:133,0
DA:135,0
DA:136,0
DA:139,0
DA:140,0
DA:144,0
DA:145,0
DA:146,0
DA:147,0
DA:150,0
DA:154,0
DA:155,0
DA:156,0
DA:158,0
DA:159,0
DA:160,0
DA:168,3
DA:169,0
DA:176,3
DA:177,0
DA:184,3
DA:185,6
DA:186,0
DA:188,6
DA:189,6
DA:197,3
DA:198,0
DA:199,0
DA:200,0
DA:202,0
DA:203,0
DA:207,0
DA:208,0
DA:211,0
DA:212,0
DA:213,0
DA:215,0
DA:216,0
DA:218,0
DA:221,0
DA:222,0
DA:223,0
DA:224,0
DA:225,0
DA:226,0
DA:227,0
DA:228,0
DA:232,0
DA:233,0
DA:234,0
DA:235,0
DA:238,0
DA:242,0
DA:243,0
DA:244,0
DA:245,0
DA:246,0
DA:250,0
DA:251,0
DA:256,0
DA:257,0
DA:258,0
DA:259,0
DA:273,3
DA:274,0
DA:277,0
DA:280,0
DA:281,0
DA:282,0
DA:283,0
DA:288,0
DA:289,0
DA:290,0
DA:291,0
DA:295,0
DA:296,0
DA:297,0
DA:298,0
LF:110
LH:24
BRDA:90,1,0,0
BRDA:90,1,1,0
BRDA:90,2,0,0
BRDA:90,2,1,0
BRDA:94,3,0,0
BRDA:94,3,1,0
BRDA:108,4,0,0
BRDA:108,4,1,0
BRDA:108,5,0,0
BRDA:108,5,1,0
BRDA:139,6,0,0
BRDA:139,6,1,0
BRDA:144,7,0,0
BRDA:144,7,1,0
BRDA:146,8,0,0
BRDA:146,8,1,0
BRDA:154,9,0,0
BRDA:154,9,1,0
BRDA:154,10,0,0
BRDA:154,10,1,0
BRDA:156,11,0,0
BRDA:156,11,1,0
BRDA:158,12,0,0
BRDA:158,12,1,0
BRDA:177,13,0,0
BRDA:177,13,1,0
BRDA:185,14,0,0
BRDA:185,14,1,6
BRDA:198,15,0,0
BRDA:198,15,1,0
BRDA:202,16,0,0
BRDA:202,16,1,0
BRDA:225,17,0,0
BRDA:225,17,1,0
BRDA:233,18,0,0
BRDA:233,18,1,0
BRDA:244,19,0,0
BRDA:244,19,1,0
BRDA:250,20,0,0
BRDA:250,20,1,0
BRDA:256,21,0,0
BRDA:256,21,1,0
BRDA:277,22,0,0
BRDA:277,22,1,0
BRDA:281,23,0,0
BRDA:281,23,1,0
BRDA:282,24,0,0
BRDA:282,24,1,0
BRDA:289,25,0,0
BRDA:289,25,1,0
BRDA:290,26,0,0
BRDA:290,26,1,0
BRDA:296,27,0,0
BRDA:296,27,1,0
BRDA:297,28,0,0
BRDA:297,28,1,0
BRF:56
BRH:1
end_of_record
TN:
SF:/Users/mattfewer/dev/personalwebsite/pencilblue/include/dao/cache.js
FN:21,CacheModule
FN:30,(anonymous_2)
FN:47,(anonymous_3)
FN:67,(anonymous_4)
FN:83,(anonymous_5)
FNF:5
FNH:3
FNDA:3,CacheModule
FNDA:0,(anonymous_2)
FNDA:3,(anonymous_3)
FNDA:3,(anonymous_4)
FNDA:0,(anonymous_5)
DA:19,1
DA:21,1
DA:30,3
DA:39,3
DA:47,3
DA:48,3
DA:49,0
DA:53,3
DA:56,3
DA:57,3
DA:67,3
DA:68,3
DA:69,3
DA:72,3
DA:73,3
DA:74,3
DA:83,3
DA:84,0
DA:86,0
DA:87,0
DA:89,0
DA:93,3
LF:22
LH:17
BRDA:48,1,0,0
BRDA:48,1,1,3
BRDA:68,2,0,3
BRDA:68,2,1,0
BRDA:72,3,0,3
BRDA:72,3,1,0
BRDA:84,4,0,0
BRDA:84,4,1,0
BRDA:86,5,0,0
BRDA:86,5,1,0
BRF:10
BRH:3
end_of_record
TN:
SF:/Users/mattfewer/dev/personalwebsite/pencilblue/include/dao/db_manager.js
FN:25,DBManagerModule
FN:35,DBManager
FN:59,(anonymous_3)
FN:81,(anonymous_4)
FN:87,(anonymous_5)
FN:112,(anonymous_6)
FN:129,(anonymous_7)
FN:154,(anonymous_8)
FN:165,(anonymous_9)
FN:166,(anonymous_10)
FN:169,(anonymous_11)
FN:181,(anonymous_12)
FN:197,(anonymous_13)
FN:200,(anonymous_14)
FN:201,(anonymous_15)
FN:203,(anonymous_16)
FN:204,(anonymous_17)
FN:211,(anonymous_18)
FN:245,(anonymous_19)
FNF:19
FNH:2
FNDA:3,DBManagerModule
FNDA:3,DBManager
FNDA:0,(anonymous_3)
FNDA:0,(anonymous_4)
FNDA:0,(anonymous_5)
FNDA:0,(anonymous_6)
FNDA:0,(anonymous_7)
FNDA:0,(anonymous_8)
FNDA:0,(anonymous_9)
FNDA:0,(anonymous_10)
FNDA:0,(anonymous_11)
FNDA:0,(anonymous_12)
FNDA:0,(anonymous_13)
FNDA:0,(anonymous_14)
FNDA:0,(anonymous_15)
FNDA:0,(anonymous_16)
FNDA:0,(anonymous_17)
FNDA:0,(anonymous_18)
FNDA:0,(anonymous_19)
DA:19,1
DA:20,1
DA:21,1
DA:22,1
DA:23,1
DA:25,1
DA:35,1
DA:43,3
DA:51,3
DA:59,3
DA:60,0
DA:61,0
DA:62,0
DA:64,0
DA:65,0
DA:69,0
DA:70,0
DA:74,0
DA:75,0
DA:79,0
DA:80,0
DA:81,0
DA:82,0
DA:83,0
DA:84,0
DA:87,0
DA:88,0
DA:89,0
DA:90,0
DA:92,0
DA:93,0
DA:97,0
DA:100,0
DA:112,3
DA:113,0
DA:114,0
DA:115,0
DA:118,0
DA:129,3
DA:130,0
DA:154,3
DA:155,0
DA:156,0
DA:157,0
DA:161,0
DA:164,0
DA:165,0
DA:166,0
DA:168,0
DA:169,0
DA:170,0
DA:171,0
DA:172,0
DA:174,0
DA:175,0
DA:177,0
DA:181,0
DA:182,0
DA:186,0
DA:197,3
DA:198,0
DA:200,0
DA:201,0
DA:202,0
DA:203,0
DA:204,0
DA:205,0
DA:206,0
DA:208,0
DA:211,0
DA:212,0
DA:213,0
DA:217,0
DA:223,3
DA:234,3
DA:245,3
DA:246,0
DA:247,0
DA:250,0
DA:251,0
DA:252,0
DA:254,0
DA:255,0
DA:257,0
DA:259,0
DA:263,3
LF:86
LH:18
BRDA:60,1,0,0
BRDA:60,1,1,0
BRDA:64,2,0,0
BRDA:64,2,1,0
BRDA:69,3,0,0
BRDA:69,3,1,0
BRDA:82,4,0,0
BRDA:82,4,1,0
BRDA:88,5,0,0
BRDA:88,5,1,0
BRDA:92,6,0,0
BRDA:92,6,1,0
BRDA:92,7,0,0
BRDA:92,7,1,0
BRDA:113,8,0,0
BRDA:113,8,1,0
BRDA:113,9,0,0
BRDA:113,9,1,0
BRDA:113,9,2,0
BRDA:118,10,0,0
BRDA:118,10,1,0
BRDA:155,11,0,0
BRDA:155,11,1,0
BRDA:170,12,0,0
BRDA:170,12,1,0
BRDA:174,13,0,0
BRDA:174,13,1,0
BRDA:198,14,0,0
BRDA:198,14,1,0
BRDA:205,15,0,0
BRDA:205,15,1,0
BRDA:251,16,0,0
BRDA:251,16,1,0
BRDA:254,17,0,0
BRDA:254,17,1,0
BRF:35
BRH:0
end_of_record
TN:
SF:/Users/mattfewer/dev/personalwebsite/pencilblue/include/dao/dao.js
FN:22,DAOModule
FN:34,DAO
FN:97,(anonymous_3)
FN:111,(anonymous_4)
FN:126,(anonymous_5)
FN:141,(anonymous_6)
FN:154,(anonymous_7)
FN:160,(anonymous_8)
FN:176,(anonymous_9)
FN:177,(anonymous_10)
FN:191,(anonymous_11)
FN:208,(anonymous_12)
FN:235,(anonymous_13)
FN:254,(anonymous_14)
FN:261,(anonymous_15)
FN:264,(anonymous_16)
FN:284,(anonymous_17)
FN:303,(anonymous_18)
FN:316,(anonymous_19)
FN:361,(anonymous_20)
FN:375,(anonymous_21)
FN:404,(anonymous_22)
FN:410,(anonymous_23)
FN:429,(anonymous_24)
FN:450,(anonymous_25)
FN:460,(anonymous_26)
FN:488,(anonymous_27)
FN:497,(anonymous_28)
FN:518,(anonymous_29)
FN:538,(anonymous_30)
FN:561,(anonymous_31)
FN:576,(anonymous_32)
FN:583,(anonymous_33)
FN:605,(anonymous_34)
FN:617,(anonymous_35)
FN:632,(anonymous_36)
FN:637,(anonymous_37)
FN:654,(anonymous_38)
FN:660,(anonymous_39)
FN:676,(anonymous_40)
FN:681,(anonymous_41)
FN:685,(anonymous_42)
FN:700,(anonymous_43)
FN:709,(anonymous_44)
FN:725,(anonymous_45)
FN:737,(anonymous_46)
FN:752,(anonymous_47)
FN:766,(anonymous_48)
FN:797,(anonymous_49)
FN:823,(anonymous_50)
FN:835,(anonymous_51)
FN:849,(anonymous_52)
FN:861,(anonymous_53)
FN:873,(anonymous_54)
FN:885,(anonymous_55)
FN:900,(anonymous_56)
FN:923,(anonymous_57)
FN:941,(anonymous_58)
FN:953,(anonymous_59)
FNF:59
FNH:1
FNDA:3,DAOModule
FNDA:0,DAO
FNDA:0,(anonymous_3)
FNDA:0,(anonymous_4)
FNDA:0,(anonymous_5)
FNDA:0,(anonymous_6)
FNDA:0,(anonymous_7)
FNDA:0,(anonymous_8)
FNDA:0,(anonymous_9)
FNDA:0,(anonymous_10)
FNDA:0,(anonymous_11)
FNDA:0,(anonymous_12)
FNDA:0,(anonymous_13)
FNDA:0,(anonymous_14)
FNDA:0,(anonymous_15)
FNDA:0,(anonymous_16)
FNDA:0,(anonymous_17)
FNDA:0,(anonymous_18)
FNDA:0,(anonymous_19)
FNDA:0,(anonymous_20)
FNDA:0,(anonymous_21)
FNDA:0,(anonymous_22)
FNDA:0,(anonymous_23)
FNDA:0,(anonymous_24)
FNDA:0,(anonymous_25)
FNDA:0,(anonymous_26)
FNDA:0,(anonymous_27)
FNDA:0,(anonymous_28)
FNDA:0,(anonymous_29)
FNDA:0,(anonymous_30)
FNDA:0,(anonymous_31)
FNDA:0,(anonymous_32)
FNDA:0,(anonymous_33)
FNDA:0,(anonymous_34)
FNDA:0,(anonymous_35)
FNDA:0,(anonymous_36)
FNDA:0,(anonymous_37)
FNDA:0,(anonymous_38)
FNDA:0,(anonymous_39)
FNDA:0,(anonymous_40)
FNDA:0,(anonymous_41)
FNDA:0,(anonymous_42)
FNDA:0,(anonymous_43)
FNDA:0,(anonymous_44)
FNDA:0,(anonymous_45)
FNDA:0,(anonymous_46)
FNDA:0,(anonymous_47)
FNDA:0,(anonymous_48)
FNDA:0,(anonymous_49)
FNDA:0,(anonymous_50)
FNDA:0,(anonymous_51)
FNDA:0,(anonymous_52)
FNDA:0,(anonymous_53)
FNDA:0,(anonymous_54)
FNDA:0,(anonymous_55)
FNDA:0,(anonymous_56)
FNDA:0,(anonymous_57)
FNDA:0,(anonymous_58)
FNDA:0,(anonymous_59)
DA:19,1
DA:20,1
DA:22,1
DA:34,1
DA:43,0
DA:53,3
DA:61,3
DA:70,3
DA:78,3
DA:86,3
DA:97,3
DA:98,0
DA:111,3
DA:112,0
DA:113,0
DA:114,0
DA:126,3
DA:127,0
DA:128,0
DA:129,0
DA:131,0
DA:132,0
DA:135,0
DA:141,0
DA:142,0
DA:154,3
DA:155,0
DA:160,0
DA:161,0
DA:162,0
DA:164,0
DA:176,3
DA:177,0
DA:178,0
DA:191,3
DA:192,0
DA:193,0
DA:194,0
DA:198,0
DA:199,0
DA:203,0
DA:204,0
DA:208,0
DA:209,0
DA:235,3
DA:236,0
DA:237,0
DA:238,0
DA:240,0
DA:241,0
DA:245,0
DA:246,0
DA:254,0
DA:255,0
DA:256,0
DA:260,0
DA:261,0
DA:264,0
DA:265,0
DA:266,0
DA:271,0
DA:284,3
DA:285,0
DA:303,3
DA:304,0
DA:305,0
DA:309,0
DA:310,0
DA:311,0
DA:312,0
DA:315,0
DA:316,0
DA:317,0
DA:318,0
DA:322,0
DA:327,0
DA:328,0
DA:329,0
DA:333,0
DA:334,0
DA:338,0
DA:339,0
DA:340,0
DA:341,0
DA:342,0
DA:343,0
DA:345,0
DA:346,0
DA:347,0
DA:349,0
DA:350,0
DA:352,0
DA:361,3
DA:362,0
DA:375,3
DA:376,0
DA:377,0
DA:378,0
DA:380,0
DA:381,0
DA:383,0
DA:384,0
DA:388,0
DA:389,0
DA:392,0
DA:393,0
DA:394,0
DA:395,0
DA:398,0
DA:400,0
DA:404,0
DA:405,0
DA:406,0
DA:410,0
DA:411,0
DA:429,3
DA:430,0
DA:431,0
DA:432,0
DA:436,0
DA:437,0
DA:439,0
DA:440,0
DA:442,0
DA:443,0
DA:447,0
DA:450,0
DA:451,0
DA:452,0
DA:456,0
DA:457,0
DA:460,0
DA:462,0
DA:463,0
DA:464,0
DA:465,0
DA:469,0
DA:472,0
DA:488,3
DA:489,0
DA:490,0
DA:491,0
DA:494,0
DA:495,0
DA:497,0
DA:498,0
DA:499,0
DA:503,0
DA:518,3
DA:519,0
DA:520,0
DA:523,0
DA:524,0
DA:538,3
DA:539,0
DA:540,0
DA:541,0
DA:543,0
DA:544,0
DA:548,0
DA:549,0
DA:551,0
DA:552,0
DA:556,0
DA:557,0
DA:561,0
DA:562,0
DA:563,0
DA:565,0
DA:576,3
DA:577,0
DA:578,0
DA:579,0
DA:583,0
DA:584,0
DA:585,0
DA:587,0
DA:605,3
DA:606,0
DA:607,0
DA:608,0
DA:612,0
DA:613,0
DA:614,0
DA:617,0
DA:618,0
DA:619,0
DA:621,0
DA:632,3
DA:633,0
DA:634,0
DA:635,0
DA:637,0
DA:638,0
DA:639,0
DA:642,0
DA:654,3
DA:655,0
DA:656,0
DA:657,0
DA:660,0
DA:661,0
DA:662,0
DA:664,0
DA:676,3
DA:677,0
DA:681,0
DA:682,0
DA:683,0
DA:685,0
DA:686,0
DA:700,3
DA:701,0
DA:702,0
DA:703,0
DA:705,0
DA:706,0
DA:709,0
DA:710,0
DA:711,0
DA:713,0
DA:725,3
DA:726,0
DA:727,0
DA:737,3
DA:738,0
DA:752,3
DA:753,0
DA:754,0
DA:766,3
DA:767,0
DA:768,0
DA:769,0
DA:771,0
DA:772,0
DA:773,0
DA:776,0
DA:778,0
DA:779,0
DA:780,0
DA:783,0
DA:797,3
DA:798,0
DA:799,0
DA:801,0
DA:802,0
DA:803,0
DA:806,0
DA:808,0
DA:810,0
DA:823,3
DA:824,0
DA:825,0
DA:835,3
DA:836,0
DA:849,3
DA:850,0
DA:851,0
DA:861,3
DA:862,0
DA:873,3
DA:874,0
DA:875,0
DA:885,3
DA:886,0
DA:887,0
DA:890,0
DA:900,3
DA:901,0
DA:902,0
DA:905,0
DA:906,0
DA:907,0
DA:911,0
DA:923,3
DA:924,0
DA:925,0
DA:928,0
DA:929,0
DA:930,0
DA:931,0
DA:941,3
DA:942,0
DA:953,3
DA:954,0
DA:958,3
LF:286
LH:46
BRDA:43,1,0,0
BRDA:43,1,1,0
BRDA:127,2,0,0
BRDA:127,2,1,0
BRDA:131,3,0,0
BRDA:131,3,1,0
BRDA:137,4,0,0
BRDA:137,4,1,0
BRDA:138,5,0,0
BRDA:138,5,1,0
BRDA:142,6,0,0
BRDA:142,6,1,0
BRDA:142,7,0,0
BRDA:142,7,1,0
BRDA:161,8,0,0
BRDA:161,8,1,0
BRDA:192,9,0,0
BRDA:192,9,1,0
BRDA:198,10,0,0
BRDA:198,10,1,0
BRDA:198,11,0,0
BRDA:198,11,1,0
BRDA:203,12,0,0
BRDA:203,12,1,0
BRDA:236,13,0,0
BRDA:236,13,1,0
BRDA:240,14,0,0
BRDA:240,14,1,0
BRDA:255,15,0,0
BRDA:255,15,1,0
BRDA:260,16,0,0
BRDA:260,16,1,0
BRDA:265,17,0,0
BRDA:265,17,1,0
BRDA:304,18,0,0
BRDA:304,18,1,0
BRDA:310,19,0,0
BRDA:310,19,1,0
BRDA:311,20,0,0
BRDA:311,20,1,0
BRDA:312,21,0,0
BRDA:312,21,1,0
BRDA:317,22,0,0
BRDA:317,22,1,0
BRDA:327,23,0,0
BRDA:327,23,1,0
BRDA:328,24,0,0
BRDA:328,24,1,0
BRDA:333,25,0,0
BRDA:333,25,1,0
BRDA:338,26,0,0
BRDA:338,26,1,0
BRDA:340,27,0,0
BRDA:340,27,1,0
BRDA:341,28,0,0
BRDA:341,28,1,0
BRDA:345,29,0,0
BRDA:345,29,1,0
BRDA:376,30,0,0
BRDA:376,30,1,0
BRDA:380,31,0,0
BRDA:380,31,1,0
BRDA:383,32,0,0
BRDA:383,32,1,0
BRDA:388,33,0,0
BRDA:388,33,1,0
BRDA:392,34,0,0
BRDA:392,34,1,0
BRDA:394,35,0,0
BRDA:394,35,1,0
BRDA:405,36,0,0
BRDA:405,36,1,0
BRDA:430,37,0,0
BRDA:430,37,1,0
BRDA:436,38,0,0
BRDA:436,38,1,0
BRDA:439,39,0,0
BRDA:439,39,1,0
BRDA:442,40,0,0
BRDA:442,40,1,0
BRDA:447,41,0,0
BRDA:447,41,1,0
BRDA:451,42,0,0
BRDA:451,42,1,0
BRDA:464,43,0,0
BRDA:464,43,1,0
BRDA:466,44,0,0
BRDA:466,44,1,0
BRDA:489,45,0,0
BRDA:489,45,1,0
BRDA:494,46,0,0
BRDA:494,46,1,0
BRDA:498,47,0,0
BRDA:498,47,1,0
BRDA:519,48,0,0
BRDA:519,48,1,0
BRDA:539,49,0,0
BRDA:539,49,1,0
BRDA:543,50,0,0
BRDA:543,50,1,0
BRDA:548,51,0,0
BRDA:548,51,1,0
BRDA:551,52,0,0
BRDA:551,52,1,0
BRDA:556,53,0,0
BRDA:556,53,1,0
BRDA:562,54,0,0
BRDA:562,54,1,0
BRDA:577,55,0,0
BRDA:577,55,1,0
BRDA:584,56,0,0
BRDA:584,56,1,0
BRDA:606,57,0,0
BRDA:606,57,1,0
BRDA:614,58,0,0
BRDA:614,58,1,0
BRDA:618,59,0,0
BRDA:618,59,1,0
BRDA:633,60,0,0
BRDA:633,60,1,0
BRDA:638,61,0,0
BRDA:638,61,1,0
BRDA:655,62,0,0
BRDA:655,62,1,0
BRDA:661,63,0,0
BRDA:661,63,1,0
BRDA:682,64,0,0
BRDA:682,64,1,0
BRDA:686,65,0,0
BRDA:686,65,1,0
BRDA:701,66,0,0
BRDA:701,66,1,0
BRDA:705,67,0,0
BRDA:705,67,1,0
BRDA:710,68,0,0
BRDA:710,68,1,0
BRDA:772,69,0,0
BRDA:772,69,1,0
BRDA:778,70,0,0
BRDA:778,70,1,0
BRDA:802,71,0,0
BRDA:802,71,1,0
BRDA:901,72,0,0
BRDA:901,72,1,0
BRDA:906,73,0,0
BRDA:906,73,1,0
BRDA:924,74,0,0
BRDA:924,74,1,0
BRDA:924,75,0,0
BRDA:924,75,1,0
BRF:150
BRH:0
end_of_record
TN:
SF:/Users/mattfewer/dev/personalwebsite/pencilblue/include/validation/validation_service.js
FN:23,ValidationModule
FN:33,ValidationService
FN:90,(anonymous_3)
FN:109,(anonymous_4)
FN:125,(anonymous_5)
FN:136,(anonymous_6)
FN:151,(anonymous_7)
FN:162,(anonymous_8)
FN:177,(anonymous_9)
FN:191,(anonymous_10)
FN:202,(anonymous_11)
FN:217,(anonymous_12)
FN:228,(anonymous_13)
FN:243,(anonymous_14)
FN:254,(anonymous_15)
FN:268,(anonymous_16)
FN:279,(anonymous_17)
FN:293,(anonymous_18)
FN:304,(anonymous_19)
FN:318,(anonymous_20)
FN:329,(anonymous_21)
FN:346,(anonymous_22)
FN:368,(anonymous_23)
FN:389,(anonymous_24)
FN:404,(anonymous_25)
FN:416,(anonymous_26)
FN:427,(anonymous_27)
FNF:27
FNH:3
FNDA:3,ValidationModule
FNDA:0,ValidationService
FNDA:0,(anonymous_3)
FNDA:0,(anonymous_4)
FNDA:0,(anonymous_5)
FNDA:0,(anonymous_6)
FNDA:0,(anonymous_7)
FNDA:0,(anonymous_8)
FNDA:0,(anonymous_9)
FNDA:0,(anonymous_10)
FNDA:0,(anonymous_11)
FNDA:0,(anonymous_12)
FNDA:0,(anonymous_13)
FNDA:0,(anonymous_14)
FNDA:0,(anonymous_15)
FNDA:3,(anonymous_16)
FNDA:33,(anonymous_17)
FNDA:0,(anonymous_18)
FNDA:0,(anonymous_19)
FNDA:0,(anonymous_20)
FNDA:0,(anonymous_21)
FNDA:0,(anonymous_22)
FNDA:0,(anonymous_23)
FNDA:0,(anonymous_24)
FNDA:0,(anonymous_25)
FNDA:0,(anonymous_26)
FNDA:0,(anonymous_27)
DA:19,1
DA:20,1
DA:21,1
DA:23,1
DA:33,1
DA:43,3
DA:52,3
DA:61,3
DA:70,3
DA:79,3
DA:90,3
DA:91,0
DA:92,0
DA:94,0
DA:95,0
DA:97,0
DA:109,3
DA:110,0
DA:111,0
DA:114,0
DA:115,0
DA:125,3
DA:126,0
DA:136,3
DA:137,0
DA:138,0
DA:141,0
DA:151,3
DA:152,0
DA:162,3
DA:163,0
DA:164,0
DA:167,0
DA:177,3
DA:178,0
DA:179,0
DA:181,0
DA:191,3
DA:192,0
DA:202,3
DA:203,0
DA:204,0
DA:207,0
DA:217,3
DA:218,0
DA:228,3
DA:229,0
DA:230,0
DA:233,0
DA:243,3
DA:244,0
DA:254,3
DA:255,0
DA:256,0
DA:258,0
DA:268,3
DA:269,3
DA:279,3
DA:280,33
DA:281,0
DA:283,33
DA:293,3
DA:294,0
DA:304,3
DA:305,0
DA:306,0
DA:308,0
DA:318,3
DA:319,0
DA:329,3
DA:330,0
DA:331,0
DA:333,0
DA:346,3
DA:347,0
DA:348,0
DA:351,0
DA:352,0
DA:353,0
DA:355,0
DA:368,3
DA:369,0
DA:370,0
DA:373,0
DA:374,0
DA:375,0
DA:377,0
DA:389,3
DA:390,0
DA:391,0
DA:394,0
DA:404,3
DA:405,0
DA:416,3
DA:417,0
DA:427,3
DA:428,0
DA:429,0
DA:431,0
DA:434,3
LF:100
LH:39
BRDA:91,1,0,0
BRDA:91,1,1,0
BRDA:91,2,0,0
BRDA:91,2,1,0
BRDA:91,2,2,0
BRDA:94,3,0,0
BRDA:94,3,1,0
BRDA:110,4,0,0
BRDA:110,4,1,0
BRDA:110,5,0,0
BRDA:110,5,1,0
BRDA:110,5,2,0
BRDA:137,6,0,0
BRDA:137,6,1,0
BRDA:137,7,0,0
BRDA:137,7,1,0
BRDA:141,8,0,0
BRDA:141,8,1,0
BRDA:163,9,0,0
BRDA:163,9,1,0
BRDA:163,10,0,0
BRDA:163,10,1,0
BRDA:167,11,0,0
BRDA:167,11,1,0
BRDA:178,12,0,0
BRDA:178,12,1,0
BRDA:178,13,0,0
BRDA:178,13,1,0
BRDA:203,14,0,0
BRDA:203,14,1,0
BRDA:203,15,0,0
BRDA:203,15,1,0
BRDA:207,16,0,0
BRDA:207,16,1,0
BRDA:207,16,2,0
BRDA:229,17,0,0
BRDA:229,17,1,0
BRDA:229,18,0,0
BRDA:229,18,1,0
BRDA:233,19,0,0
BRDA:233,19,1,0
BRDA:255,20,0,0
BRDA:255,20,1,0
BRDA:255,21,0,0
BRDA:255,21,1,0
BRDA:280,22,0,0
BRDA:280,22,1,33
BRDA:280,23,0,33
BRDA:280,23,1,2
BRDA:283,24,0,33
BRDA:283,24,1,31
BRDA:305,25,0,0
BRDA:305,25,1,0
BRDA:305,26,0,0
BRDA:305,26,1,0
BRDA:330,27,0,0
BRDA:330,27,1,0
BRDA:330,28,0,0
BRDA:330,28,1,0
BRDA:347,29,0,0
BRDA:347,29,1,0
BRDA:347,30,0,0
BRDA:347,30,1,0
BRDA:347,30,2,0
BRDA:352,31,0,0
BRDA:352,31,1,0
BRDA:352,32,0,0
BRDA:352,32,1,0
BRDA:369,33,0,0
BRDA:369,33,1,0
BRDA:369,34,0,0
BRDA:369,34,1,0
BRDA:369,34,2,0
BRDA:374,35,0,0
BRDA:374,35,1,0
BRDA:374,36,0,0
BRDA:374,36,1,0
BRDA:390,37,0,0
BRDA:390,37,1,0
BRDA:390,38,0,0
BRDA:390,38,1,0
BRDA:390,38,2,0
BRDA:417,39,0,0
BRDA:417,39,1,0
BRDA:417,39,2,0
BRDA:417,39,3,0
BRDA:428,40,0,0
BRDA:428,40,1,0
BRDA:428,41,0,0
BRDA:428,41,1,0
BRDA:428,41,2,0
BRDA:431,42,0,0
BRDA:431,42,1,0
BRF:93
BRH:5
end_of_record
TN:
SF:/Users/mattfewer/dev/personalwebsite/pencilblue/include/service/locks/providers/cache_lock_provider.js
FN:21,(anonymous_1)
FN:28,CacheLockProvider
FN:39,(anonymous_3)
FN:46,(anonymous_4)
FN:52,(anonymous_5)
FN:64,(anonymous_6)
FN:65,(anonymous_7)
FN:85,(anonymous_8)
FN:91,(anonymous_9)
FNF:9
FNH:1
FNDA:3,(anonymous_1)
FNDA:0,CacheLockProvider
FNDA:0,(anonymous_3)
FNDA:0,(anonymous_4)
FNDA:0,(anonymous_5)
FNDA:0,(anonymous_6)
FNDA:0,(anonymous_7)
FNDA:0,(anonymous_8)
FNDA:0,(anonymous_9)
DA:19,1
DA:21,1
DA:28,1
DA:39,3
DA:40,0
DA:41,0
DA:42,0
DA:46,0
DA:47,0
DA:48,0
DA:52,0
DA:53,0
DA:64,3
DA:65,0
DA:66,0
DA:67,0
DA:68,0
DA:71,0
DA:74,0
DA:85,3
DA:86,0
DA:87,0
DA:88,0
DA:91,0
DA:92,0
DA:96,3
LF:26
LH:7
BRDA:40,1,0,0
BRDA:40,1,1,0
BRDA:47,2,0,0
BRDA:47,2,1,0
BRDA:47,3,0,0
BRDA:47,3,1,0
BRDA:53,4,0,0
BRDA:53,4,1,0
BRDA:66,5,0,0
BRDA:66,5,1,0
BRDA:86,6,0,0
BRDA:86,6,1,0
BRDA:92,7,0,0
BRDA:92,7,1,0
BRF:14
BRH:0
end_of_record
TN:
SF:/Users/mattfewer/dev/personalwebsite/pencilblue/include/service/locks/providers/db_lock_provider.js
FN:21,(anonymous_1)
FN:28,DbLockProvider
FN:59,(anonymous_3)
FN:76,(anonymous_4)
FN:93,(anonymous_5)
FN:95,(anonymous_6)
FN:110,(anonymous_7)
FNF:7
FNH:1
FNDA:3,(anonymous_1)
FNDA:0,DbLockProvider
FNDA:0,(anonymous_3)
FNDA:0,(anonymous_4)
FNDA:0,(anonymous_5)
FNDA:0,(anonymous_6)
FNDA:0,(anonymous_7)
DA:19,1
DA:21,1
DA:28,1
DA:38,3
DA:48,3
DA:59,3
DA:60,0
DA:61,0
DA:62,0
DA:66,0
DA:69,0
DA:75,0
DA:76,0
DA:77,0
DA:78,0
DA:81,0
DA:83,0
DA:93,3
DA:94,0
DA:95,0
DA:96,0
DA:97,0
DA:99,0
DA:110,3
DA:111,0
DA:112,0
DA:113,0
DA:116,0
DA:119,0
DA:120,0
DA:123,3
LF:31
LH:9
BRDA:60,1,0,0
BRDA:60,1,1,0
BRDA:77,2,0,0
BRDA:77,2,1,0
BRDA:81,3,0,0
BRDA:81,3,1,0
BRDA:96,4,0,0
BRDA:96,4,1,0
BRDA:111,5,0,0
BRDA:111,5,1,0
BRF:10
BRH:0
end_of_record
TN:
SF:/Users/mattfewer/dev/personalwebsite/pencilblue/include/service/locks/lock_service.js
FN:22,(anonymous_1)
FN:30,LockService
FN:55,(anonymous_3)
FN:79,(anonymous_4)
FN:90,(anonymous_5)
FN:102,(anonymous_6)
FNF:6
FNH:1
FNDA:3,(anonymous_1)
FNDA:0,LockService
FNDA:0,(anonymous_3)
FNDA:0,(anonymous_4)
FNDA:0,(anonymous_5)
FNDA:0,(anonymous_6)
DA:19,1
DA:20,1
DA:22,1
DA:30,1
DA:31,0
DA:32,0
DA:34,0
DA:35,0
DA:43,0
DA:55,3
DA:56,0
DA:57,0
DA:58,0
DA:61,0
DA:70,0
DA:79,3
DA:80,0
DA:90,3
DA:91,0
DA:102,3
DA:103,0
DA:104,0
DA:106,0
DA:107,0
DA:110,0
DA:111,0
DA:112,0
DA:113,0
DA:114,0
DA:115,0
DA:116,0
DA:119,0
DA:122,0
DA:125,3
LF:34
LH:9
BRDA:31,1,0,0
BRDA:31,1,1,0
BRDA:34,2,0,0
BRDA:34,2,1,0
BRDA:56,3,0,0
BRDA:56,3,1,0
BRDA:62,4,0,0
BRDA:62,4,1,0
BRDA:63,5,0,0
BRDA:63,5,1,0
BRDA:103,6,0,0
BRDA:103,6,1,0
BRDA:106,7,0,0
BRDA:106,7,1,0
BRF:14
BRH:0
end_of_record
TN:
SF:/Users/mattfewer/dev/personalwebsite/pencilblue/include/session/session.js
FN:28,SessionModule
FN:38,SessionHandler
FN:103,(anonymous_3)
FN:116,(anonymous_4)
FN:130,(anonymous_5)
FN:154,(anonymous_6)
FN:185,(anonymous_7)
FN:197,(anonymous_8)
FN:216,(anonymous_9)
FN:228,(anonymous_10)
FN:240,(anonymous_11)
FN:270,(anonymous_12)
FN:282,(anonymous_13)
FN:305,(anonymous_14)
FNF:14
FNH:4
FNDA:3,SessionModule
FNDA:3,SessionHandler
FNDA:0,(anonymous_3)
FNDA:0,(anonymous_4)
FNDA:0,(anonymous_5)
FNDA:0,(anonymous_6)
FNDA:0,(anonymous_7)
FNDA:0,(anonymous_8)
FNDA:0,(anonymous_9)
FNDA:0,(anonymous_10)
FNDA:3,(anonymous_11)
FNDA:3,(anonymous_12)
FNDA:0,(anonymous_13)
FNDA:0,(anonymous_14)
DA:19,1
DA:20,1
DA:21,1
DA:28,1
DA:38,1
DA:41,3
DA:51,3
DA:60,3
DA:69,3
DA:78,3
DA:87,3
DA:96,3
DA:103,3
DA:104,0
DA:116,3
DA:119,0
DA:120,0
DA:121,0
DA:122,0
DA:126,0
DA:129,0
DA:130,0
DA:131,0
DA:132,0
DA:133,0
DA:135,0
DA:137,0
DA:138,0
DA:142,0
DA:154,3
DA:155,0
DA:156,0
DA:159,0
DA:160,0
DA:164,0
DA:167,0
DA:168,0
DA:171,0
DA:175,0
DA:185,3
DA:186,0
DA:187,0
DA:197,3
DA:198,0
DA:207,0
DA:208,0
DA:216,3
DA:217,0
DA:218,0
DA:228,3
DA:229,0
DA:230,0
DA:231,0
DA:240,3
DA:241,3
DA:246,3
DA:247,3
DA:248,3
DA:249,3
DA:250,3
DA:253,0
DA:258,3
DA:259,0
DA:261,3
DA:270,3
DA:271,3
DA:272,3
DA:282,3
DA:284,0
DA:285,0
DA:288,0
DA:289,0
DA:290,0
DA:291,0
DA:295,0
DA:305,3
DA:306,0
DA:309,3
LF:78
LH:34
BRDA:120,1,0,0
BRDA:120,1,1,0
BRDA:131,2,0,0
BRDA:131,2,1,0
BRDA:135,3,0,0
BRDA:135,3,1,0
BRDA:155,4,0,0
BRDA:155,4,1,0
BRDA:159,5,0,0
BRDA:159,5,1,0
BRDA:167,6,0,0
BRDA:167,6,1,0
BRDA:217,7,0,0
BRDA:217,7,1,0
BRDA:258,8,0,0
BRDA:258,8,1,3
BRDA:285,9,0,0
BRDA:285,9,1,0
BRDA:289,10,0,0
BRDA:289,10,1,0
BRF:20
BRH:1
end_of_record
TN:
SF:/Users/mattfewer/dev/personalwebsite/pencilblue/include/session/storage/redis_session_store.js
FN:24,RedisSessionStoreModule
FN:32,RedisSessionStore
FN:50,(anonymous_3)
FN:53,(anonymous_4)
FN:71,(anonymous_5)
FN:88,(anonymous_6)
FN:99,(anonymous_7)
FN:110,(anonymous_8)
FN:122,(anonymous_9)
FNF:9
FNH:2
FNDA:3,RedisSessionStoreModule
FNDA:3,RedisSessionStore
FNDA:0,(anonymous_3)
FNDA:0,(anonymous_4)
FNDA:0,(anonymous_5)
FNDA:0,(anonymous_6)
FNDA:0,(anonymous_7)
FNDA:0,(anonymous_8)
FNDA:0,(anonymous_9)
DA:19,1
DA:24,1
DA:32,1
DA:41,3
DA:50,3
DA:52,0
DA:53,0
DA:54,0
DA:71,3
DA:72,0
DA:73,0
DA:76,0
DA:77,0
DA:78,0
DA:88,3
DA:89,0
DA:90,0
DA:99,3
DA:100,0
DA:101,0
DA:110,3
DA:111,0
DA:112,0
DA:122,3
DA:123,0
DA:126,3
LF:26
LH:11
BRDA:54,1,0,0
BRDA:54,1,1,0
BRF:2
BRH:0
end_of_record
TN:
SF:/Users/mattfewer/dev/personalwebsite/pencilblue/include/service/simple_layered_service.js
FN:22,SimpleLayeredServiceModule
FN:34,SimpleLayeredService
FN:46,(anonymous_3)
FN:53,(anonymous_4)
FN:56,(anonymous_5)
FN:61,(anonymous_6)
FN:79,(anonymous_7)
FN:109,(anonymous_8)
FN:114,(anonymous_9)
FN:115,(anonymous_10)
FN:134,(anonymous_11)
FN:135,(anonymous_12)
FN:136,(anonymous_13)
FNF:13
FNH:2
FNDA:3,SimpleLayeredServiceModule
FNDA:3,SimpleLayeredService
FNDA:0,(anonymous_3)
FNDA:0,(anonymous_4)
FNDA:0,(anonymous_5)
FNDA:0,(anonymous_6)
FNDA:0,(anonymous_7)
FNDA:0,(anonymous_8)
FNDA:0,(anonymous_9)
FNDA:0,(anonymous_10)
FNDA:0,(anonymous_11)
FNDA:0,(anonymous_12)
FNDA:0,(anonymous_13)
DA:19,1
DA:20,1
DA:22,1
DA:34,1
DA:35,3
DA:36,3
DA:46,3
DA:48,0
DA:49,0
DA:50,0
DA:51,0
DA:52,0
DA:54,0
DA:57,0
DA:58,0
DA:61,0
DA:62,0
DA:63,0
DA:64,0
DA:65,0
DA:68,0
DA:69,0
DA:70,0
DA:73,0
DA:76,0
DA:81,0
DA:84,0
DA:85,0
DA:86,0
DA:89,0
DA:95,0
DA:109,3
DA:110,0
DA:112,0
DA:113,0
DA:114,0
DA:115,0
DA:116,0
DA:117,0
DA:119,0
DA:122,0
DA:124,0
DA:134,3
DA:135,0
DA:136,0
DA:137,0
DA:140,0
DA:143,3
LF:48
LH:10
BRDA:36,1,0,3
BRDA:36,1,1,0
BRDA:54,2,0,0
BRDA:54,2,1,0
BRDA:57,3,0,0
BRDA:57,3,1,0
BRDA:62,4,0,0
BRDA:62,4,1,0
BRDA:68,5,0,0
BRDA:68,5,1,0
BRDA:81,6,0,0
BRDA:81,6,1,0
BRDA:85,7,0,0
BRDA:85,7,1,0
BRDA:116,8,0,0
BRDA:116,8,1,0
BRF:16
BRH:1
end_of_record
TN:
SF:/Users/mattfewer/dev/personalwebsite/pencilblue/include/service/memory_entity_service.js
FN:21,MemoryEntityServiceModule
FN:34,MemoryEntityService
FN:65,(anonymous_3)
FN:95,(anonymous_4)
FN:97,(anonymous_5)
FN:113,(anonymous_6)
FN:147,(anonymous_7)
FN:164,(anonymous_8)
FN:176,(anonymous_9)
FN:188,(anonymous_10)
FN:201,(anonymous_11)
FN:205,(anonymous_12)
FN:223,(anonymous_13)
FN:233,(anonymous_14)
FN:234,(anonymous_15)
FNF:15
FNH:4
FNDA:3,MemoryEntityServiceModule
FNDA:3,MemoryEntityService
FNDA:0,(anonymous_3)
FNDA:0,(anonymous_4)
FNDA:0,(anonymous_5)
FNDA:0,(anonymous_6)
FNDA:0,(anonymous_7)
FNDA:0,(anonymous_8)
FNDA:0,(anonymous_9)
FNDA:0,(anonymous_10)
FNDA:0,(anonymous_11)
FNDA:0,(anonymous_12)
FNDA:3,(anonymous_13)
FNDA:3,(anonymous_14)
FNDA:0,(anonymous_15)
DA:19,1
DA:21,1
DA:34,1
DA:35,3
DA:36,3
DA:37,3
DA:38,3
DA:39,3
DA:40,3
DA:41,3
DA:42,3
DA:45,3
DA:56,3
DA:65,3
DA:66,0
DA:67,0
DA:68,0
DA:72,0
DA:73,0
DA:74,0
DA:77,0
DA:78,0
DA:79,0
DA:82,0
DA:84,0
DA:95,3
DA:96,0
DA:97,0
DA:98,0
DA:99,0
DA:101,0
DA:113,3
DA:114,0
DA:115,0
DA:116,0
DA:117,0
DA:118,0
DA:121,0
DA:124,0
DA:125,0
DA:128,0
DA:131,0
DA:132,0
DA:134,0
DA:137,0
DA:138,0
DA:147,3
DA:148,0
DA:153,0
DA:164,3
DA:165,0
DA:166,0
DA:170,0
DA:171,0
DA:175,0
DA:176,0
DA:177,0
DA:188,3
DA:189,0
DA:190,0
DA:191,0
DA:193,0
DA:201,3
DA:202,0
DA:204,0
DA:205,0
DA:206,0
DA:208,0
DA:211,0
DA:212,0
DA:223,3
DA:224,3
DA:233,3
DA:234,3
DA:235,0
DA:239,3
LF:76
LH:25
BRDA:38,1,0,3
BRDA:38,1,1,0
BRDA:41,2,0,3
BRDA:41,2,1,3
BRDA:67,3,0,0
BRDA:67,3,1,0
BRDA:72,4,0,0
BRDA:72,4,1,0
BRDA:78,5,0,0
BRDA:78,5,1,0
BRDA:98,6,0,0
BRDA:98,6,1,0
BRDA:115,7,0,0
BRDA:115,7,1,0
BRDA:117,8,0,0
BRDA:117,8,1,0
BRDA:124,9,0,0
BRDA:124,9,1,0
BRDA:165,10,0,0
BRDA:165,10,1,0
BRDA:170,11,0,0
BRDA:170,11,1,0
BRDA:190,12,0,0
BRDA:190,12,1,0
BRF:24
BRH:3
end_of_record
TN:
SF:/Users/mattfewer/dev/personalwebsite/pencilblue/include/service/cache_entity_service.js
FN:26,CacheEntityServiceModule
FN:40,CacheEntityService
FN:55,(anonymous_3)
FN:58,(anonymous_4)
FN:96,(anonymous_5)
FN:98,(anonymous_6)
FN:139,(anonymous_7)
FNF:7
FNH:1
FNDA:3,CacheEntityServiceModule
FNDA:0,CacheEntityService
FNDA:0,(anonymous_3)
FNDA:0,(anonymous_4)
FNDA:0,(anonymous_5)
FNDA:0,(anonymous_6)
FNDA:0,(anonymous_7)
DA:19,1
DA:26,1
DA:40,1
DA:41,0
DA:42,0
DA:43,0
DA:44,0
DA:45,0
DA:55,3
DA:57,0
DA:58,0
DA:59,0
DA:60,0
DA:64,0
DA:65,0
DA:69,0
DA:70,0
DA:71,0
DA:72,0
DA:75,0
DA:76,0
DA:79,0
DA:84,0
DA:96,3
DA:97,0
DA:98,0
DA:99,0
DA:100,0
DA:104,0
DA:105,0
DA:106,0
DA:108,0
DA:109,0
DA:113,0
DA:114,0
DA:115,0
DA:118,0
DA:121,0
DA:123,0
DA:124,0
DA:128,0
DA:139,3
DA:140,0
DA:143,3
LF:44
LH:7
BRDA:44,1,0,0
BRDA:44,1,1,0
BRDA:45,2,0,0
BRDA:45,2,1,0
BRDA:59,3,0,0
BRDA:59,3,1,0
BRDA:64,4,0,0
BRDA:64,4,1,0
BRDA:70,5,0,0
BRDA:70,5,1,0
BRDA:99,6,0,0
BRDA:99,6,1,0
BRDA:105,7,0,0
BRDA:105,7,1,0
BRDA:108,8,0,0
BRDA:108,8,1,0
BRDA:114,9,0,0
BRDA:114,9,1,0
BRF:18
BRH:0
end_of_record
TN:
SF:/Users/mattfewer/dev/personalwebsite/pencilblue/include/service/db_entity_service.js
FN:21,DbEntityServiceModule
FN:34,DbEntityService
FN:48,(anonymous_3)
FN:54,(anonymous_4)
FN:80,(anonymous_5)
FN:86,(anonymous_6)
FN:123,(anonymous_7)
FNF:7
FNH:2
FNDA:3,DbEntityServiceModule
FNDA:3,DbEntityService
FNDA:0,(anonymous_3)
FNDA:0,(anonymous_4)
FNDA:0,(anonymous_5)
FNDA:0,(anonymous_6)
FNDA:0,(anonymous_7)
DA:19,1
DA:21,1
DA:34,1
DA:35,3
DA:36,3
DA:37,3
DA:38,3
DA:48,3
DA:49,0
DA:50,0
DA:51,0
DA:53,0
DA:54,0
DA:55,0
DA:56,0
DA:60,0
DA:61,0
DA:65,0
DA:68,0
DA:80,3
DA:81,0
DA:82,0
DA:83,0
DA:85,0
DA:86,0
DA:87,0
DA:88,0
DA:92,0
DA:93,0
DA:94,0
DA:97,0
DA:98,0
DA:99,0
DA:102,0
DA:105,0
DA:107,0
DA:108,0
DA:112,0
DA:123,3
DA:124,0
DA:125,0
DA:126,0
DA:127,0
DA:130,3
LF:44
LH:11
BRDA:38,1,0,3
BRDA:38,1,1,0
BRDA:55,2,0,0
BRDA:55,2,1,0
BRDA:60,3,0,0
BRDA:60,3,1,0
BRDA:65,4,0,0
BRDA:65,4,1,0
BRDA:87,5,0,0
BRDA:87,5,1,0
BRDA:93,6,0,0
BRDA:93,6,1,0
BRDA:98,7,0,0
BRDA:98,7,1,0
BRF:14
BRH:1
end_of_record
TN:
SF:/Users/mattfewer/dev/personalwebsite/pencilblue/include/service/fs_entity_service.js
FN:22,FSEntityServiceModule
FN:44,FSEntityService
FN:56,(anonymous_3)
FN:68,(anonymous_4)
FN:79,(anonymous_5)
FNF:5
FNH:1
FNDA:3,FSEntityServiceModule
FNDA:0,FSEntityService
FNDA:0,(anonymous_3)
FNDA:0,(anonymous_4)
FNDA:0,(anonymous_5)
DA:19,1
DA:20,1
DA:22,1
DA:31,3
DA:44,1
DA:45,0
DA:46,0
DA:56,3
DA:57,0
DA:68,3
DA:69,0
DA:79,3
DA:80,0
DA:83,3
LF:14
LH:9
BRF:0
BRH:0
end_of_record
TN:
SF:/Users/mattfewer/dev/personalwebsite/pencilblue/include/service/json_fs_entity_service.js
FN:22,JSONFSEntityServiceModule
FN:33,JSONFSEntityService
FN:48,(anonymous_3)
FN:49,(anonymous_4)
FN:74,(anonymous_5)
FN:96,(anonymous_6)
FNF:6
FNH:1
FNDA:3,JSONFSEntityServiceModule
FNDA:0,JSONFSEntityService
FNDA:0,(anonymous_3)
FNDA:0,(anonymous_4)
FNDA:0,(anonymous_5)
FNDA:0,(anonymous_6)
DA:19,1
DA:20,1
DA:22,1
DA:33,1
DA:34,0
DA:35,0
DA:39,3
DA:48,3
DA:49,0
DA:50,0
DA:51,0
DA:54,0
DA:55,0
DA:58,0
DA:59,0
DA:60,0
DA:63,0
DA:74,3
DA:75,0
DA:76,0
DA:79,0
DA:80,0
DA:83,0
DA:84,0
DA:86,0
DA:96,3
DA:97,0
DA:100,3
LF:28
LH:9
BRDA:50,1,0,0
BRDA:50,1,1,0
BRDA:75,2,0,0
BRDA:75,2,1,0
BRDA:75,3,0,0
BRDA:75,3,1,0
BRF:6
BRH:0
end_of_record
TN:
SF:/Users/mattfewer/dev/personalwebsite/pencilblue/include/service/read_only_simple_layered_service.js
FN:21,ReadOnlySimpleLayeredServiceModule
FN:33,ReadOnlySimpleLayeredService
FN:57,(anonymous_3)
FN:67,(anonymous_4)
FN:68,(anonymous_5)
FNF:5
FNH:1
FNDA:3,ReadOnlySimpleLayeredServiceModule
FNDA:0,ReadOnlySimpleLayeredService
FNDA:0,(anonymous_3)
FNDA:0,(anonymous_4)
FNDA:0,(anonymous_5)
DA:19,1
DA:21,1
DA:33,1
DA:34,0
DA:35,0
DA:38,0
DA:39,0
DA:42,0
DA:43,0
DA:48,3
DA:57,3
DA:58,0
DA:67,3
DA:68,0
DA:69,0
DA:73,3
LF:16
LH:7
BRDA:35,1,0,0
BRDA:35,1,1,0
BRDA:42,2,0,0
BRDA:42,2,1,0
BRF:4
BRH:0
end_of_record
TN:
SF:/Users/mattfewer/dev/personalwebsite/pencilblue/include/service/template_entity_service.js
FN:21,TemplateEntityService
FN:35,TemplateEntityService
FN:53,(anonymous_3)
FN:56,(anonymous_4)
FN:88,(anonymous_5)
FNF:5
FNH:1
FNDA:3,TemplateEntityService
FNDA:0,TemplateEntityService
FNDA:0,(anonymous_3)
FNDA:0,(anonymous_4)
FNDA:0,(anonymous_5)
DA:19,1
DA:21,1
DA:35,1
DA:36,0
DA:37,0
DA:38,0
DA:39,0
DA:43,3
DA:53,3
DA:54,0
DA:56,0
DA:59,0
DA:60,0
DA:64,0
DA:65,0
DA:66,0
DA:71,0
DA:72,0
DA:75,0
DA:77,0
DA:88,3
DA:89,0
DA:92,3
LF:23
LH:7
BRDA:59,1,0,0
BRDA:59,1,1,0
BRDA:60,2,0,0
BRDA:60,2,1,0
BRDA:65,3,0,0
BRDA:65,3,1,0
BRDA:71,4,0,0
BRDA:71,4,1,0
BRF:8
BRH:0
end_of_record
TN:
SF:/Users/mattfewer/dev/personalwebsite/pencilblue/include/service/entities/custom_object_service.js
FN:23,CustomObjectServiceModule
FN:31,CustomObjectService
FN:134,(anonymous_3)
FN:141,(anonymous_4)
FN:159,(anonymous_5)
FN:209,(anonymous_6)
FN:224,(anonymous_7)
FN:225,(anonymous_8)
FN:232,(anonymous_9)
FN:233,(anonymous_10)
FN:239,(anonymous_11)
FN:257,(anonymous_12)
FN:276,(anonymous_13)
FN:300,(anonymous_14)
FN:310,(anonymous_15)
FN:317,(anonymous_16)
FN:332,(anonymous_17)
FN:339,(anonymous_18)
FN:360,(anonymous_19)
FN:365,(anonymous_20)
FN:366,(anonymous_21)
FN:377,(anonymous_22)
FN:387,(anonymous_23)
FN:405,(anonymous_24)
FN:418,(anonymous_25)
FN:440,(anonymous_26)
FN:462,(anonymous_27)
FN:465,(anonymous_28)
FN:466,(anonymous_29)
FN:483,(anonymous_30)
FN:491,(anonymous_31)
FN:495,(anonymous_32)
FN:515,(anonymous_33)
FN:541,(anonymous_34)
FN:553,(anonymous_35)
FN:567,(anonymous_36)
FN:585,(anonymous_37)
FN:599,(anonymous_38)
FN:609,(anonymous_39)
FN:622,(anonymous_40)
FN:640,(anonymous_41)
FN:648,(anonymous_42)
FN:656,(anonymous_43)
FN:664,(anonymous_44)
FN:682,(anonymous_45)
FN:691,(anonymous_46)
FN:692,(anonymous_47)
FN:700,(anonymous_48)
FN:714,(anonymous_49)
FN:717,(anonymous_50)
FN:718,(anonymous_51)
FN:740,(anonymous_52)
FN:754,(anonymous_53)
FN:765,(anonymous_54)
FN:781,(anonymous_55)
FN:790,(anonymous_56)
FN:798,(anonymous_57)
FN:817,(anonymous_58)
FN:830,(anonymous_59)
FN:857,(anonymous_60)
FN:868,(anonymous_61)
FN:891,(anonymous_62)
FN:898,(anonymous_63)
FN:916,(anonymous_64)
FN:923,(anonymous_65)
FN:939,(anonymous_66)
FN:951,(anonymous_67)
FN:965,(anonymous_68)
FN:971,(anonymous_69)
FN:986,(anonymous_70)
FN:996,(anonymous_71)
FN:1011,(anonymous_72)
FN:1022,(anonymous_73)
FN:1033,(anonymous_74)
FN:1045,(anonymous_75)
FN:1060,(anonymous_76)
FN:1134,(anonymous_77)
FN:1160,(anonymous_78)
FN:1198,(anonymous_79)
FN:1207,(anonymous_80)
FN:1241,(anonymous_81)
FN:1257,(anonymous_82)
FNF:82
FNH:1
FNDA:3,CustomObjectServiceModule
FNDA:0,CustomObjectService
FNDA:0,(anonymous_3)
FNDA:0,(anonymous_4)
FNDA:0,(anonymous_5)
FNDA:0,(anonymous_6)
FNDA:0,(anonymous_7)
FNDA:0,(anonymous_8)
FNDA:0,(anonymous_9)
FNDA:0,(anonymous_10)
FNDA:0,(anonymous_11)
FNDA:0,(anonymous_12)
FNDA:0,(anonymous_13)
FNDA:0,(anonymous_14)
FNDA:0,(anonymous_15)
FNDA:0,(anonymous_16)
FNDA:0,(anonymous_17)
FNDA:0,(anonymous_18)
FNDA:0,(anonymous_19)
FNDA:0,(anonymous_20)
FNDA:0,(anonymous_21)
FNDA:0,(anonymous_22)
FNDA:0,(anonymous_23)
FNDA:0,(anonymous_24)
FNDA:0,(anonymous_25)
FNDA:0,(anonymous_26)
FNDA:0,(anonymous_27)
FNDA:0,(anonymous_28)
FNDA:0,(anonymous_29)
FNDA:0,(anonymous_30)
FNDA:0,(anonymous_31)
FNDA:0,(anonymous_32)
FNDA:0,(anonymous_33)
FNDA:0,(anonymous_34)
FNDA:0,(anonymous_35)
FNDA:0,(anonymous_36)
FNDA:0,(anonymous_37)
FNDA:0,(anonymous_38)
FNDA:0,(anonymous_39)
FNDA:0,(anonymous_40)
FNDA:0,(anonymous_41)
FNDA:0,(anonymous_42)
FNDA:0,(anonymous_43)
FNDA:0,(anonymous_44)
FNDA:0,(anonymous_45)
FNDA:0,(anonymous_46)
FNDA:0,(anonymous_47)
FNDA:0,(anonymous_48)
FNDA:0,(anonymous_49)
FNDA:0,(anonymous_50)
FNDA:0,(anonymous_51)
FNDA:0,(anonymous_52)
FNDA:0,(anonymous_53)
FNDA:0,(anonymous_54)
FNDA:0,(anonymous_55)
FNDA:0,(anonymous_56)
FNDA:0,(anonymous_57)
FNDA:0,(anonymous_58)
FNDA:0,(anonymous_59)
FNDA:0,(anonymous_60)
FNDA:0,(anonymous_61)
FNDA:0,(anonymous_62)
FNDA:0,(anonymous_63)
FNDA:0,(anonymous_64)
FNDA:0,(anonymous_65)
FNDA:0,(anonymous_66)
FNDA:0,(anonymous_67)
FNDA:0,(anonymous_68)
FNDA:0,(anonymous_69)
FNDA:0,(anonymous_70)
FNDA:0,(anonymous_71)
FNDA:0,(anonymous_72)
FNDA:0,(anonymous_73)
FNDA:0,(anonymous_74)
FNDA:0,(anonymous_75)
FNDA:0,(anonymous_76)
FNDA:0,(anonymous_77)
FNDA:0,(anonymous_78)
FNDA:0,(anonymous_79)
FNDA:0,(anonymous_80)
FNDA:0,(anonymous_81)
FNDA:0,(anonymous_82)
DA:19,1
DA:20,1
DA:21,1
DA:23,1
DA:31,1
DA:32,0
DA:33,0
DA:42,3
DA:49,3
DA:56,3
DA:66,3
DA:75,3
DA:84,3
DA:93,3
DA:102,3
DA:119,3
DA:134,3
DA:135,0
DA:136,0
DA:139,0
DA:140,0
DA:141,0
DA:142,0
DA:143,0
DA:146,0
DA:147,0
DA:159,3
DA:160,0
DA:161,0
DA:165,0
DA:166,0
DA:167,0
DA:170,0
DA:171,0
DA:174,0
DA:176,0
DA:177,0
DA:183,0
DA:184,0
DA:188,0
DA:189,0
DA:192,0
DA:209,3
DA:210,0
DA:211,0
DA:212,0
DA:214,0
DA:215,0
DA:218,0
DA:219,0
DA:220,0
DA:221,0
DA:225,0
DA:226,0
DA:227,0
DA:233,0
DA:234,0
DA:235,0
DA:239,0
DA:240,0
DA:241,0
DA:257,3
DA:258,0
DA:259,0
DA:261,0
DA:262,0
DA:263,0
DA:265,0
DA:266,0
DA:270,0
DA:271,0
DA:275,0
DA:276,0
DA:277,0
DA:278,0
DA:280,0
DA:281,0
DA:283,0
DA:284,0
DA:286,0
DA:287,0
DA:291,0
DA:292,0
DA:293,0
DA:296,0
DA:300,0
DA:301,0
DA:302,0
DA:303,0
DA:305,0
DA:310,0
DA:311,0
DA:312,0
DA:316,0
DA:317,0
DA:318,0
DA:319,0
DA:321,0
DA:326,0
DA:327,0
DA:332,0
DA:333,0
DA:334,0
DA:338,0
DA:339,0
DA:340,0
DA:341,0
DA:344,0
DA:348,0
DA:353,0
DA:354,0
DA:355,0
DA:360,0
DA:361,0
DA:362,0
DA:365,0
DA:366,0
DA:368,0
DA:369,0
DA:370,0
DA:374,0
DA:377,0
DA:378,0
DA:379,0
DA:381,0
DA:384,0
DA:387,0
DA:388,0
DA:392,0
DA:395,0
DA:397,0
DA:401,0
DA:405,0
DA:406,0
DA:418,3
DA:419,0
DA:420,0
DA:422,0
DA:423,0
DA:426,0
DA:427,0
DA:440,3
DA:441,0
DA:442,0
DA:443,0
DA:445,0
DA:446,0
DA:450,0
DA:451,0
DA:454,0
DA:455,0
DA:456,0
DA:458,0
DA:460,0
DA:461,0
DA:462,0
DA:463,0
DA:465,0
DA:466,0
DA:467,0
DA:470,0
DA:471,0
DA:473,0
DA:483,3
DA:485,0
DA:490,0
DA:491,0
DA:492,0
DA:495,0
DA:496,0
DA:497,0
DA:499,0
DA:502,0
DA:515,3
DA:516,0
DA:517,0
DA:518,0
DA:520,0
DA:521,0
DA:524,0
DA:525,0
DA:526,0
DA:528,0
DA:530,0
DA:531,0
DA:541,3
DA:542,0
DA:553,3
DA:554,0
DA:555,0
DA:556,0
DA:567,3
DA:568,0
DA:569,0
DA:571,0
DA:572,0
DA:573,0
DA:575,0
DA:576,0
DA:579,0
DA:580,0
DA:583,0
DA:584,0
DA:585,0
DA:586,0
DA:587,0
DA:589,0
DA:599,3
DA:600,0
DA:609,3
DA:610,0
DA:611,0
DA:612,0
DA:613,0
DA:622,3
DA:623,0
DA:624,0
DA:627,0
DA:628,0
DA:640,3
DA:642,0
DA:643,0
DA:644,0
DA:645,0
DA:649,0
DA:650,0
DA:652,0
DA:657,0
DA:658,0
DA:660,0
DA:665,0
DA:666,0
DA:667,0
DA:671,0
DA:672,0
DA:673,0
DA:674,0
DA:678,0
DA:681,0
DA:682,0
DA:683,0
DA:684,0
DA:686,0
DA:692,0
DA:693,0
DA:694,0
DA:696,0
DA:700,0
DA:701,0
DA:714,3
DA:716,0
DA:717,0
DA:718,0
DA:721,0
DA:722,0
DA:724,0
DA:728,0
DA:731,0
DA:732,0
DA:733,0
DA:734,0
DA:735,0
DA:737,0
DA:740,0
DA:741,0
DA:754,3
DA:755,0
DA:756,0
DA:759,0
DA:760,0
DA:761,0
DA:762,0
DA:766,0
DA:767,0
DA:768,0
DA:772,0
DA:773,0
DA:774,0
DA:775,0
DA:779,0
DA:780,0
DA:781,0
DA:782,0
DA:783,0
DA:785,0
DA:792,0
DA:793,0
DA:794,0
DA:798,0
DA:799,0
DA:800,0
DA:803,0
DA:804,0
DA:805,0
DA:806,0
DA:809,0
DA:810,0
DA:813,0
DA:817,0
DA:818,0
DA:830,3
DA:831,0
DA:832,0
DA:833,0
DA:837,0
DA:838,0
DA:840,0
DA:841,0
DA:842,0
DA:846,0
DA:857,3
DA:859,0
DA:860,0
DA:861,0
DA:863,0
DA:867,0
DA:868,0
DA:869,0
DA:870,0
DA:873,0
DA:874,0
DA:875,0
DA:877,0
DA:891,3
DA:892,0
DA:893,0
DA:896,0
DA:897,0
DA:898,0
DA:899,0
DA:900,0
DA:903,0
DA:904,0
DA:916,3
DA:917,0
DA:918,0
DA:921,0
DA:922,0
DA:923,0
DA:924,0
DA:925,0
DA:928,0
DA:929,0
DA:939,3
DA:940,0
DA:941,0
DA:951,3
DA:952,0
DA:953,0
DA:954,0
DA:957,0
DA:958,0
DA:961,0
DA:962,0
DA:966,0
DA:967,0
DA:972,0
DA:975,0
DA:986,3
DA:988,0
DA:989,0
DA:990,0
DA:992,0
DA:993,0
DA:996,3
DA:998,0
DA:1001,0
DA:1002,0
DA:1011,3
DA:1012,0
DA:1022,3
DA:1023,0
DA:1033,3
DA:1034,0
DA:1045,3
DA:1046,0
DA:1047,0
DA:1049,0
DA:1060,3
DA:1063,0
DA:1064,0
DA:1065,0
DA:1068,0
DA:1070,0
DA:1071,0
DA:1072,0
DA:1075,0
DA:1076,0
DA:1077,0
DA:1079,0
DA:1080,0
DA:1083,0
DA:1084,0
DA:1086,0
DA:1087,0
DA:1089,0
DA:1090,0
DA:1094,0
DA:1097,0
DA:1099,0
DA:1100,0
DA:1104,0
DA:1105,0
DA:1106,0
DA:1107,0
DA:1112,0
DA:1116,0
DA:1119,0
DA:1122,0
DA:1134,3
DA:1135,0
DA:1136,0
DA:1137,0
DA:1139,0
DA:1140,0
DA:1141,0
DA:1145,0
DA:1146,0
DA:1147,0
DA:1149,0
DA:1160,3
DA:1161,0
DA:1162,0
DA:1165,0
DA:1166,0
DA:1167,0
DA:1168,0
DA:1169,0
DA:1170,0
DA:1171,0
DA:1172,0
DA:1175,0
DA:1177,0
DA:1178,0
DA:1180,0
DA:1181,0
DA:1184,0
DA:1185,0
DA:1198,3
DA:1199,0
DA:1200,0
DA:1204,0
DA:1207,0
DA:1208,0
DA:1209,0
DA:1211,0
DA:1215,0
DA:1216,0
DA:1217,0
DA:1218,0
DA:1219,0
DA:1220,0
DA:1221,0
DA:1222,0
DA:1223,0
DA:1228,0
DA:1230,0
DA:1241,3
DA:1242,0
DA:1257,3
DA:1258,0
DA:1259,0
DA:1260,0
DA:1263,0
DA:1264,0
DA:1265,0
DA:1267,0
DA:1268,0
DA:1269,0
DA:1271,0
DA:1273,0
DA:1274,0
DA:1277,3
LF:473
LH:50
BRDA:135,1,0,0
BRDA:135,1,1,0
BRDA:142,2,0,0
BRDA:142,2,1,0
BRDA:142,3,0,0
BRDA:142,3,1,0
BRDA:160,4,0,0
BRDA:160,4,1,0
BRDA:166,5,0,0
BRDA:166,5,1,0
BRDA:170,6,0,0
BRDA:170,6,1,0
BRDA:176,7,0,0
BRDA:176,7,1,0
BRDA:183,8,0,0
BRDA:183,8,1,0
BRDA:188,9,0,0
BRDA:188,9,1,0
BRDA:210,10,0,0
BRDA:210,10,1,0
BRDA:214,11,0,0
BRDA:214,11,1,0
BRDA:258,12,0,0
BRDA:258,12,1,0
BRDA:258,13,0,0
BRDA:258,13,1,0
BRDA:261,14,0,0
BRDA:261,14,1,0
BRDA:265,15,0,0
BRDA:265,15,1,0
BRDA:265,16,0,0
BRDA:265,16,1,0
BRDA:270,17,0,0
BRDA:270,17,1,0
BRDA:277,18,0,0
BRDA:277,18,1,0
BRDA:280,19,0,0
BRDA:280,19,1,0
BRDA:283,20,0,0
BRDA:283,20,1,0
BRDA:286,21,0,0
BRDA:286,21,1,0
BRDA:292,22,0,0
BRDA:292,22,1,0
BRDA:301,23,0,0
BRDA:301,23,1,0
BRDA:311,24,0,0
BRDA:311,24,1,0
BRDA:316,25,0,0
BRDA:316,25,1,0
BRDA:318,26,0,0
BRDA:318,26,1,0
BRDA:333,27,0,0
BRDA:333,27,1,0
BRDA:333,28,0,0
BRDA:333,28,1,0
BRDA:338,29,0,0
BRDA:338,29,1,0
BRDA:340,30,0,0
BRDA:340,30,1,0
BRDA:361,31,0,0
BRDA:361,31,1,0
BRDA:361,32,0,0
BRDA:361,32,1,0
BRDA:369,33,0,0
BRDA:369,33,1,0
BRDA:374,34,0,0
BRDA:374,34,1,0
BRDA:378,35,0,0
BRDA:378,35,1,0
BRDA:384,36,0,0
BRDA:384,36,1,0
BRDA:388,37,0,0
BRDA:388,37,1,0
BRDA:419,38,0,0
BRDA:419,38,1,0
BRDA:422,39,0,0
BRDA:422,39,1,0
BRDA:441,40,0,0
BRDA:441,40,1,0
BRDA:445,41,0,0
BRDA:445,41,1,0
BRDA:450,42,0,0
BRDA:450,42,1,0
BRDA:455,43,0,0
BRDA:455,43,1,0
BRDA:463,44,0,0
BRDA:463,44,1,0
BRDA:492,45,0,0
BRDA:492,45,1,0
BRDA:499,46,0,0
BRDA:499,46,1,0
BRDA:499,47,0,0
BRDA:499,47,1,0
BRDA:516,48,0,0
BRDA:516,48,1,0
BRDA:520,49,0,0
BRDA:520,49,1,0
BRDA:525,50,0,0
BRDA:525,50,1,0
BRDA:568,51,0,0
BRDA:568,51,1,0
BRDA:568,52,0,0
BRDA:568,52,1,0
BRDA:568,52,2,0
BRDA:571,53,0,0
BRDA:571,53,1,0
BRDA:575,54,0,0
BRDA:575,54,1,0
BRDA:579,55,0,0
BRDA:579,55,1,0
BRDA:586,56,0,0
BRDA:586,56,1,0
BRDA:623,57,0,0
BRDA:623,57,1,0
BRDA:623,58,0,0
BRDA:623,58,1,0
BRDA:649,59,0,0
BRDA:649,59,1,0
BRDA:657,60,0,0
BRDA:657,60,1,0
BRDA:657,61,0,0
BRDA:657,61,1,0
BRDA:665,62,0,0
BRDA:665,62,1,0
BRDA:672,63,0,0
BRDA:672,63,1,0
BRDA:683,64,0,0
BRDA:683,64,1,0
BRDA:693,65,0,0
BRDA:693,65,1,0
BRDA:722,66,0,0
BRDA:722,66,1,0
BRDA:734,67,0,0
BRDA:734,67,1,0
BRDA:755,68,0,0
BRDA:755,68,1,0
BRDA:766,69,0,0
BRDA:766,69,1,0
BRDA:773,70,0,0
BRDA:773,70,1,0
BRDA:782,71,0,0
BRDA:782,71,1,0
BRDA:792,72,0,0
BRDA:792,72,1,0
BRDA:799,73,0,0
BRDA:799,73,1,0
BRDA:805,74,0,0
BRDA:805,74,1,0
BRDA:832,75,0,0
BRDA:832,75,1,0
BRDA:837,76,0,0
BRDA:837,76,1,0
BRDA:840,77,0,0
BRDA:840,77,1,0
BRDA:840,78,0,0
BRDA:840,78,1,0
BRDA:841,79,0,0
BRDA:841,79,1,0
BRDA:869,80,0,0
BRDA:869,80,1,0
BRDA:892,81,0,0
BRDA:892,81,1,0
BRDA:899,82,0,0
BRDA:899,82,1,0
BRDA:899,83,0,0
BRDA:899,83,1,0
BRDA:917,84,0,0
BRDA:917,84,1,0
BRDA:924,85,0,0
BRDA:924,85,1,0
BRDA:924,86,0,0
BRDA:924,86,1,0
BRDA:952,87,0,0
BRDA:952,87,1,0
BRDA:957,88,0,0
BRDA:957,88,1,0
BRDA:989,89,0,0
BRDA:989,89,1,0
BRDA:1023,90,0,0
BRDA:1023,90,1,0
BRDA:1034,91,0,0
BRDA:1034,91,1,0
BRDA:1046,92,0,0
BRDA:1046,92,1,0
BRDA:1070,93,0,0
BRDA:1070,93,1,0
BRDA:1071,94,0,0
BRDA:1071,94,1,0
BRDA:1075,95,0,0
BRDA:1075,95,1,0
BRDA:1076,96,0,0
BRDA:1076,96,1,0
BRDA:1079,97,0,0
BRDA:1079,97,1,0
BRDA:1083,98,0,0
BRDA:1083,98,1,0
BRDA:1084,99,0,0
BRDA:1084,99,1,0
BRDA:1086,100,0,0
BRDA:1086,100,1,0
BRDA:1089,101,0,0
BRDA:1089,101,1,0
BRDA:1090,102,0,0
BRDA:1090,102,1,0
BRDA:1094,103,0,0
BRDA:1094,103,1,0
BRDA:1099,104,0,0
BRDA:1099,104,1,0
BRDA:1100,105,0,0
BRDA:1100,105,1,0
BRDA:1106,106,0,0
BRDA:1106,106,1,0
BRDA:1112,107,0,0
BRDA:1112,107,1,0
BRDA:1116,108,0,0
BRDA:1116,108,1,0
BRDA:1140,109,0,0
BRDA:1140,109,1,0
BRDA:1145,110,0,0
BRDA:1145,110,1,0
BRDA:1161,111,0,0
BRDA:1161,111,1,0
BRDA:1199,112,0,0
BRDA:1199,112,1,0
BRDA:1204,113,0,0
BRDA:1204,113,1,0
BRDA:1204,114,0,0
BRDA:1204,114,1,0
BRDA:1211,115,0,0
BRDA:1211,115,1,0
BRDA:1211,116,0,0
BRDA:1211,116,1,0
BRDA:1220,117,0,0
BRDA:1220,117,1,0
BRDA:1259,118,0,0
BRDA:1259,118,1,0
BRDA:1268,119,0,0
BRDA:1268,119,1,0
BRF:239
BRH:0
end_of_record
TN:
SF:/Users/mattfewer/dev/personalwebsite/pencilblue/include/service/entities/template_service.js
FN:24,(anonymous_1)
FN:41,TemplateService
FN:149,(anonymous_3)
FN:150,(anonymous_4)
FN:155,(anonymous_5)
FN:167,(anonymous_6)
FN:177,(anonymous_7)
FN:187,(anonymous_8)
FN:200,(anonymous_9)
FN:218,(anonymous_10)
FN:234,(anonymous_11)
FN:245,(anonymous_12)
FN:267,(anonymous_13)
FN:276,(anonymous_14)
FN:294,(anonymous_15)
FN:295,(anonymous_16)
FN:298,(anonymous_17)
FN:305,(anonymous_18)
FN:321,(anonymous_19)
FN:327,(anonymous_20)
FN:347,(anonymous_21)
FN:357,(anonymous_22)
FN:358,(anonymous_23)
FN:367,(anonymous_24)
FN:384,(anonymous_25)
FN:412,(anonymous_26)
FN:416,(anonymous_27)
FN:431,(anonymous_28)
FN:465,(anonymous_29)
FN:472,(anonymous_30)
FN:490,(anonymous_31)
FN:492,(anonymous_32)
FN:533,(anonymous_33)
FN:544,(anonymous_34)
FN:547,(anonymous_35)
FN:554,(anonymous_36)
FN:559,(anonymous_37)
FN:573,(anonymous_38)
FN:594,(anonymous_39)
FN:616,(anonymous_40)
FN:627,(anonymous_41)
FN:651,(anonymous_42)
FN:665,(anonymous_43)
FN:678,(anonymous_44)
FN:695,(anonymous_45)
FN:708,(anonymous_46)
FN:769,TemplateValue
FN:781,(anonymous_48)
FN:792,(anonymous_49)
FN:800,(anonymous_50)
FN:809,(anonymous_51)
FN:823,(anonymous_52)
FNF:52
FNH:1
FNDA:3,(anonymous_1)
FNDA:0,TemplateService
FNDA:0,(anonymous_3)
FNDA:0,(anonymous_4)
FNDA:0,(anonymous_5)
FNDA:0,(anonymous_6)
FNDA:0,(anonymous_7)
FNDA:0,(anonymous_8)
FNDA:0,(anonymous_9)
FNDA:0,(anonymous_10)
FNDA:0,(anonymous_11)
FNDA:0,(anonymous_12)
FNDA:0,(anonymous_13)
FNDA:0,(anonymous_14)
FNDA:0,(anonymous_15)
FNDA:0,(anonymous_16)
FNDA:0,(anonymous_17)
FNDA:0,(anonymous_18)
FNDA:0,(anonymous_19)
FNDA:0,(anonymous_20)
FNDA:0,(anonymous_21)
FNDA:0,(anonymous_22)
FNDA:0,(anonymous_23)
FNDA:0,(anonymous_24)
FNDA:0,(anonymous_25)
FNDA:0,(anonymous_26)
FNDA:0,(anonymous_27)
FNDA:0,(anonymous_28)
FNDA:0,(anonymous_29)
FNDA:0,(anonymous_30)
FNDA:0,(anonymous_31)
FNDA:0,(anonymous_32)
FNDA:0,(anonymous_33)
FNDA:0,(anonymous_34)
FNDA:0,(anonymous_35)
FNDA:0,(anonymous_36)
FNDA:0,(anonymous_37)
FNDA:0,(anonymous_38)
FNDA:0,(anonymous_39)
FNDA:0,(anonymous_40)
FNDA:0,(anonymous_41)
FNDA:0,(anonymous_42)
FNDA:0,(anonymous_43)
FNDA:0,(anonymous_44)
FNDA:0,(anonymous_45)
FNDA:0,(anonymous_46)
FNDA:0,TemplateValue
FNDA:0,(anonymous_48)
FNDA:0,(anonymous_49)
FNDA:0,(anonymous_50)
FNDA:0,(anonymous_51)
FNDA:0,(anonymous_52)
DA:19,1
DA:20,1
DA:21,1
DA:22,1
DA:24,1
DA:41,1
DA:42,0
DA:43,0
DA:44,0
DA:45,0
DA:48,0
DA:55,0
DA:63,0
DA:64,0
DA:65,0
DA:71,0
DA:78,0
DA:81,0
DA:82,0
DA:83,0
DA:86,0
DA:87,0
DA:91,0
DA:95,0
DA:96,0
DA:100,0
DA:102,0
DA:111,0
DA:117,0
DA:123,0
DA:127,3
DA:128,3
DA:129,3
DA:130,3
DA:131,3
DA:132,3
DA:134,3
DA:136,3
DA:137,3
DA:146,3
DA:150,0
DA:151,0
DA:156,0
DA:157,0
DA:167,3
DA:168,0
DA:177,3
DA:178,0
DA:187,3
DA:188,0
DA:200,3
DA:201,0
DA:202,0
DA:205,0
DA:206,0
DA:218,3
DA:219,0
DA:220,0
DA:223,0
DA:224,0
DA:234,3
DA:235,0
DA:245,3
DA:246,0
DA:247,0
DA:249,0
DA:267,3
DA:268,0
DA:271,0
DA:272,0
DA:273,0
DA:274,0
DA:276,0
DA:277,0
DA:278,0
DA:281,0
DA:282,0
DA:283,0
DA:284,0
DA:287,0
DA:290,0
DA:291,0
DA:292,0
DA:293,0
DA:294,0
DA:298,0
DA:299,0
DA:300,0
DA:301,0
DA:302,0
DA:306,0
DA:321,3
DA:322,0
DA:323,0
DA:326,0
DA:327,0
DA:328,0
DA:329,0
DA:331,0
DA:332,0
DA:335,0
DA:347,3
DA:348,0
DA:349,0
DA:351,0
DA:352,0
DA:356,0
DA:357,0
DA:358,0
DA:361,0
DA:362,0
DA:363,0
DA:365,0
DA:367,0
DA:368,0
DA:369,0
DA:370,0
DA:371,0
DA:373,0
DA:375,0
DA:379,0
DA:380,0
DA:384,0
DA:385,0
DA:412,3
DA:413,0
DA:416,0
DA:417,0
DA:418,0
DA:419,0
DA:420,0
DA:422,0
DA:423,0
DA:424,0
DA:426,0
DA:427,0
DA:428,0
DA:430,0
DA:431,0
DA:432,0
DA:434,0
DA:439,0
DA:440,0
DA:445,0
DA:446,0
DA:449,0
DA:453,0
DA:465,3
DA:466,0
DA:467,0
DA:469,0
DA:470,0
DA:472,0
DA:473,0
DA:490,3
DA:491,0
DA:492,0
DA:495,0
DA:496,0
DA:498,0
DA:499,0
DA:503,0
DA:504,0
DA:507,0
DA:510,0
DA:515,0
DA:516,0
DA:519,0
DA:533,3
DA:534,0
DA:535,0
DA:544,3
DA:545,0
DA:547,0
DA:548,0
DA:549,0
DA:550,0
DA:554,0
DA:555,0
DA:558,0
DA:559,0
DA:560,0
DA:561,0
DA:563,0
DA:568,0
DA:573,0
DA:575,0
DA:576,0
DA:578,0
DA:580,0
DA:581,0
DA:584,0
DA:594,3
DA:596,0
DA:600,0
DA:601,0
DA:602,0
DA:603,0
DA:604,0
DA:605,0
DA:616,3
DA:617,0
DA:627,3
DA:628,0
DA:629,0
DA:637,0
DA:651,3
DA:652,0
DA:653,0
DA:665,3
DA:666,0
DA:678,3
DA:679,0
DA:695,3
DA:696,0
DA:697,0
DA:698,0
DA:700,0
DA:701,0
DA:703,0
DA:704,0
DA:708,0
DA:709,0
DA:715,0
DA:716,0
DA:717,0
DA:718,0
DA:719,0
DA:720,0
DA:721,0
DA:723,0
DA:724,0
DA:725,0
DA:728,0
DA:729,0
DA:732,0
DA:733,0
DA:737,0
DA:738,0
DA:742,0
DA:743,0
DA:744,0
DA:748,0
DA:753,0
DA:754,0
DA:756,0
DA:769,1
DA:771,0
DA:772,0
DA:781,3
DA:782,0
DA:783,0
DA:785,0
DA:792,3
DA:793,0
DA:800,3
DA:801,0
DA:809,3
DA:810,0
DA:811,0
DA:812,0
DA:814,0
DA:823,3
DA:824,0
DA:827,3
LF:265
LH:45
BRDA:43,1,0,0
BRDA:43,1,1,0
BRDA:43,2,0,0
BRDA:43,2,1,0
BRDA:64,3,0,0
BRDA:64,3,1,0
BRDA:81,4,0,0
BRDA:81,4,1,0
BRDA:86,5,0,0
BRDA:86,5,1,0
BRDA:95,6,0,0
BRDA:95,6,1,0
BRDA:151,7,0,0
BRDA:151,7,1,0
BRDA:201,8,0,0
BRDA:201,8,1,0
BRDA:219,9,0,0
BRDA:219,9,1,0
BRDA:235,10,0,0
BRDA:235,10,1,0
BRDA:246,11,0,0
BRDA:246,11,1,0
BRDA:273,12,0,0
BRDA:273,12,1,0
BRDA:277,13,0,0
BRDA:277,13,1,0
BRDA:283,14,0,0
BRDA:283,14,1,0
BRDA:283,15,0,0
BRDA:283,15,1,0
BRDA:294,16,0,0
BRDA:294,16,1,0
BRDA:300,17,0,0
BRDA:300,17,1,0
BRDA:322,18,0,0
BRDA:322,18,1,0
BRDA:328,19,0,0
BRDA:328,19,1,0
BRDA:331,20,0,0
BRDA:331,20,1,0
BRDA:348,21,0,0
BRDA:348,21,1,0
BRDA:351,22,0,0
BRDA:351,22,1,0
BRDA:362,23,0,0
BRDA:362,23,1,0
BRDA:365,24,0,0
BRDA:365,24,1,0
BRDA:368,25,0,0
BRDA:368,25,1,0
BRDA:370,26,0,0
BRDA:370,26,1,0
BRDA:370,27,0,0
BRDA:370,27,1,0
BRDA:385,28,0,0
BRDA:385,28,1,0
BRDA:418,29,0,0
BRDA:418,29,1,0
BRDA:422,30,0,0
BRDA:422,30,1,0
BRDA:426,31,0,0
BRDA:426,31,1,0
BRDA:426,32,0,0
BRDA:426,32,1,0
BRDA:430,33,0,0
BRDA:430,33,1,0
BRDA:439,34,0,0
BRDA:439,34,1,0
BRDA:445,35,0,0
BRDA:445,35,1,0
BRDA:469,36,0,0
BRDA:469,36,1,0
BRDA:495,37,0,0
BRDA:495,37,1,0
BRDA:498,38,0,0
BRDA:498,38,1,0
BRDA:498,39,0,0
BRDA:498,39,1,0
BRDA:503,40,0,0
BRDA:503,40,1,0
BRDA:503,41,0,0
BRDA:503,41,1,0
BRDA:515,42,0,0
BRDA:515,42,1,0
BRDA:548,43,0,0
BRDA:548,43,1,0
BRDA:548,44,0,0
BRDA:548,44,1,0
BRDA:555,45,0,0
BRDA:555,45,1,0
BRDA:560,46,0,0
BRDA:560,46,1,0
BRDA:576,47,0,0
BRDA:576,47,1,0
BRDA:576,48,0,0
BRDA:576,48,1,0
BRDA:576,48,2,0
BRDA:617,49,0,0
BRDA:617,49,1,0
BRDA:617,49,2,0
BRDA:696,50,0,0
BRDA:696,50,1,0
BRDA:700,51,0,0
BRDA:700,51,1,0
BRDA:703,52,0,0
BRDA:703,52,1,0
BRDA:725,53,0,0
BRDA:725,53,1,0
BRDA:732,54,0,0
BRDA:732,54,1,0
BRDA:737,55,0,0
BRDA:737,55,1,0
BRDA:743,56,0,0
BRDA:743,56,1,0
BRDA:753,57,0,0
BRDA:753,57,1,0
BRDA:772,58,0,0
BRDA:772,58,1,0
BRDA:782,59,0,0
BRDA:782,59,1,0
BRDA:782,60,0,0
BRDA:782,60,1,0
BRDA:811,61,0,0
BRDA:811,61,1,0
BRF:124
BRH:0
end_of_record
TN:
SF:/Users/mattfewer/dev/personalwebsite/pencilblue/include/access_management.js
FN:22,(anonymous_1)
FN:32,SecurityService
FN:129,(anonymous_3)
FN:141,(anonymous_4)
FN:161,(anonymous_5)
FN:178,(anonymous_6)
FN:179,(anonymous_7)
FN:180,(anonymous_8)
FN:211,(anonymous_9)
FN:237,(anonymous_10)
FN:253,(anonymous_11)
FN:264,(anonymous_12)
FN:285,(anonymous_13)
FNF:13
FNH:3
FNDA:3,(anonymous_1)
FNDA:0,SecurityService
FNDA:2,(anonymous_3)
FNDA:4,(anonymous_4)
FNDA:0,(anonymous_5)
FNDA:0,(anonymous_6)
FNDA:0,(anonymous_7)
FNDA:0,(anonymous_8)
FNDA:0,(anonymous_9)
FNDA:0,(anonymous_10)
FNDA:0,(anonymous_11)
FNDA:0,(anonymous_12)
FNDA:0,(anonymous_13)
DA:19,1
DA:20,1
DA:22,1
DA:32,1
DA:41,3
DA:50,3
DA:59,3
DA:68,3
DA:77,3
DA:87,3
DA:97,3
DA:98,3
DA:99,3
DA:100,3
DA:101,3
DA:102,3
DA:111,3
DA:120,3
DA:129,3
DA:130,2
DA:131,1
DA:141,3
DA:142,4
DA:143,2
DA:146,2
DA:161,3
DA:162,0
DA:163,0
DA:164,0
DA:166,0
DA:178,3
DA:179,0
DA:180,0
DA:181,0
DA:182,0
DA:186,0
DA:189,0
DA:190,0
DA:191,0
DA:192,0
DA:195,0
DA:196,0
DA:198,0
DA:201,0
DA:211,3
DA:214,0
DA:215,0
DA:216,0
DA:221,0
DA:222,0
DA:223,0
DA:228,0
DA:237,3
DA:238,0
DA:239,0
DA:241,0
DA:242,0
DA:243,0
DA:253,3
DA:254,0
DA:255,0
DA:256,0
DA:264,3
DA:267,0
DA:268,0
DA:271,0
DA:272,0
DA:273,0
DA:275,0
DA:285,3
DA:286,0
DA:287,0
DA:289,0
DA:292,3
LF:74
LH:33
BRDA:142,1,0,2
BRDA:142,1,1,2
BRDA:163,2,0,0
BRDA:163,2,1,0
BRDA:181,3,0,0
BRDA:181,3,1,0
BRDA:181,4,0,0
BRDA:181,4,1,0
BRDA:195,5,0,0
BRDA:195,5,1,0
BRDA:214,6,0,0
BRDA:214,6,1,0
BRDA:215,7,0,0
BRDA:215,7,1,0
BRDA:221,8,0,0
BRDA:221,8,1,0
BRDA:222,9,0,0
BRDA:222,9,1,0
BRDA:238,10,0,0
BRDA:238,10,1,0
BRDA:267,11,0,0
BRDA:267,11,1,0
BRDA:286,12,0,0
BRDA:286,12,1,0
BRDA:286,13,0,0
BRDA:286,13,1,0
BRF:26
BRH:2
end_of_record
TN:
SF:/Users/mattfewer/dev/personalwebsite/pencilblue/include/security/authentication/index.js
FN:21,AuthenticationModule
FN:28,UsernamePasswordAuthentication
FN:38,(anonymous_3)
FN:75,FormAuthentication
FN:81,(anonymous_5)
FNF:5
FNH:1
FNDA:3,AuthenticationModule
FNDA:0,UsernamePasswordAuthentication
FNDA:0,(anonymous_3)
FNDA:0,FormAuthentication
FNDA:0,(anonymous_5)
DA:19,1
DA:21,1
DA:28,1
DA:38,3
DA:39,0
DA:40,0
DA:44,0
DA:58,0
DA:59,0
DA:65,0
DA:66,0
DA:75,1
DA:76,3
DA:81,3
DA:82,0
DA:83,0
DA:87,0
DA:88,0
DA:91,3
LF:19
LH:8
BRDA:39,1,0,0
BRDA:39,1,1,0
BRDA:39,2,0,0
BRDA:39,2,1,0
BRDA:39,2,2,0
BRDA:58,3,0,0
BRDA:58,3,1,0
BRDA:82,4,0,0
BRDA:82,4,1,0
BRF:9
BRH:0
end_of_record
TN:
SF:/Users/mattfewer/dev/personalwebsite/pencilblue/include/service/base_object_service.js
FN:24,(anonymous_1)
FN:40,BaseObjectService
FN:210,(anonymous_3)
FN:220,(anonymous_4)
FN:244,(anonymous_5)
FN:253,(anonymous_6)
FN:270,(anonymous_7)
FN:276,(anonymous_8)
FN:293,(anonymous_9)
FN:301,(anonymous_10)
FN:326,(anonymous_11)
FN:338,(anonymous_12)
FN:359,(anonymous_13)
FN:371,(anonymous_14)
FN:376,(anonymous_15)
FN:382,(anonymous_16)
FN:402,(anonymous_17)
FN:409,(anonymous_18)
FN:433,(anonymous_19)
FN:447,(anonymous_20)
FN:454,(anonymous_21)
FN:466,(anonymous_22)
FN:478,(anonymous_23)
FN:485,(anonymous_24)
FN:491,(anonymous_25)
FN:511,(anonymous_26)
FN:518,(anonymous_27)
FN:528,(anonymous_28)
FN:551,(anonymous_29)
FN:567,(anonymous_30)
FN:574,(anonymous_31)
FN:580,(anonymous_32)
FN:585,(anonymous_33)
FN:590,(anonymous_34)
FN:606,(anonymous_35)
FN:614,(anonymous_36)
FN:622,(anonymous_37)
FN:638,(anonymous_38)
FN:654,(anonymous_39)
FN:661,(anonymous_40)
FN:678,(anonymous_41)
FN:693,(anonymous_42)
FN:707,(anonymous_43)
FN:724,(anonymous_44)
FN:759,(anonymous_45)
FN:774,(anonymous_46)
FN:788,(anonymous_47)
FN:800,(anonymous_48)
FN:812,(anonymous_49)
FN:824,(anonymous_50)
FN:835,(anonymous_51)
FN:846,(anonymous_52)
FN:857,(anonymous_53)
FNF:53
FNH:2
FNDA:3,(anonymous_1)
FNDA:0,BaseObjectService
FNDA:0,(anonymous_3)
FNDA:0,(anonymous_4)
FNDA:0,(anonymous_5)
FNDA:0,(anonymous_6)
FNDA:0,(anonymous_7)
FNDA:0,(anonymous_8)
FNDA:0,(anonymous_9)
FNDA:0,(anonymous_10)
FNDA:0,(anonymous_11)
FNDA:0,(anonymous_12)
FNDA:0,(anonymous_13)
FNDA:0,(anonymous_14)
FNDA:0,(anonymous_15)
FNDA:0,(anonymous_16)
FNDA:0,(anonymous_17)
FNDA:0,(anonymous_18)
FNDA:0,(anonymous_19)
FNDA:0,(anonymous_20)
FNDA:0,(anonymous_21)
FNDA:0,(anonymous_22)
FNDA:0,(anonymous_23)
FNDA:0,(anonymous_24)
FNDA:0,(anonymous_25)
FNDA:0,(anonymous_26)
FNDA:0,(anonymous_27)
FNDA:0,(anonymous_28)
FNDA:0,(anonymous_29)
FNDA:0,(anonymous_30)
FNDA:0,(anonymous_31)
FNDA:0,(anonymous_32)
FNDA:0,(anonymous_33)
FNDA:0,(anonymous_34)
FNDA:0,(anonymous_35)
FNDA:0,(anonymous_36)
FNDA:0,(anonymous_37)
FNDA:0,(anonymous_38)
FNDA:0,(anonymous_39)
FNDA:0,(anonymous_40)
FNDA:0,(anonymous_41)
FNDA:0,(anonymous_42)
FNDA:0,(anonymous_43)
FNDA:0,(anonymous_44)
FNDA:0,(anonymous_45)
FNDA:0,(anonymous_46)
FNDA:0,(anonymous_47)
FNDA:45,(anonymous_48)
FNDA:0,(anonymous_49)
FNDA:0,(anonymous_50)
FNDA:0,(anonymous_51)
FNDA:0,(anonymous_52)
FNDA:0,(anonymous_53)
DA:19,1
DA:20,1
DA:21,1
DA:22,1
DA:24,1
DA:27,3
DA:40,1
DA:41,0
DA:44,0
DA:45,0
DA:47,0
DA:48,0
DA:56,0
DA:63,0
DA:75,3
DA:85,3
DA:96,3
DA:106,3
DA:117,3
DA:127,3
DA:137,3
DA:148,3
DA:159,3
DA:171,3
DA:182,3
DA:192,3
DA:203,3
DA:210,3
DA:211,0
DA:220,3
DA:221,0
DA:225,0
DA:244,3
DA:245,0
DA:246,0
DA:247,0
DA:251,0
DA:252,0
DA:253,0
DA:254,0
DA:255,0
DA:261,0
DA:263,0
DA:270,0
DA:271,0
DA:272,0
DA:275,0
DA:276,0
DA:277,0
DA:293,3
DA:294,0
DA:295,0
DA:296,0
DA:299,0
DA:300,0
DA:301,0
DA:302,0
DA:303,0
DA:306,0
DA:326,3
DA:327,0
DA:328,0
DA:329,0
DA:332,0
DA:338,0
DA:339,0
DA:340,0
DA:343,0
DA:344,0
DA:345,0
DA:346,0
DA:359,3
DA:360,0
DA:361,0
DA:362,0
DA:366,0
DA:367,0
DA:370,0
DA:371,0
DA:372,0
DA:373,0
DA:376,0
DA:377,0
DA:378,0
DA:381,0
DA:382,0
DA:383,0
DA:402,3
DA:403,0
DA:404,0
DA:405,0
DA:407,0
DA:409,0
DA:410,0
DA:433,3
DA:434,0
DA:435,0
DA:436,0
DA:440,0
DA:441,0
DA:445,0
DA:446,0
DA:447,0
DA:448,0
DA:449,0
DA:454,0
DA:455,0
DA:456,0
DA:460,0
DA:461,0
DA:462,0
DA:463,0
DA:466,0
DA:467,0
DA:468,0
DA:472,0
DA:473,0
DA:474,0
DA:478,0
DA:479,0
DA:480,0
DA:484,0
DA:485,0
DA:486,0
DA:487,0
DA:491,0
DA:492,0
DA:511,3
DA:514,0
DA:515,0
DA:516,0
DA:517,0
DA:518,0
DA:519,0
DA:520,0
DA:523,0
DA:524,0
DA:525,0
DA:526,0
DA:528,0
DA:529,0
DA:534,0
DA:535,0
DA:540,0
DA:551,3
DA:552,0
DA:553,0
DA:554,0
DA:556,0
DA:558,0
DA:567,3
DA:568,0
DA:569,0
DA:570,0
DA:573,0
DA:574,0
DA:575,0
DA:576,0
DA:579,0
DA:580,0
DA:581,0
DA:582,0
DA:585,0
DA:586,0
DA:587,0
DA:590,0
DA:591,0
DA:606,3
DA:607,0
DA:609,0
DA:610,0
DA:613,0
DA:614,0
DA:615,0
DA:620,0
DA:621,0
DA:622,0
DA:624,0
DA:627,0
DA:638,3
DA:639,0
DA:654,3
DA:655,0
DA:656,0
DA:660,0
DA:661,0
DA:662,0
DA:663,0
DA:665,0
DA:668,0
DA:678,3
DA:679,0
DA:680,0
DA:681,0
DA:682,0
DA:693,3
DA:694,0
DA:695,0
DA:696,0
DA:707,3
DA:708,0
DA:709,0
DA:711,0
DA:712,0
DA:714,0
DA:724,3
DA:725,0
DA:759,3
DA:760,0
DA:774,3
DA:775,0
DA:776,0
DA:788,3
DA:789,0
DA:800,3
DA:801,45
DA:812,3
DA:813,0
DA:824,3
DA:825,0
DA:835,3
DA:836,0
DA:846,3
DA:847,0
DA:857,3
DA:858,0
DA:861,3
LF:227
LH:49
BRDA:44,1,0,0
BRDA:44,1,1,0
BRDA:47,2,0,0
BRDA:47,2,1,0
BRDA:245,3,0,0
BRDA:245,3,1,0
BRDA:254,4,0,0
BRDA:254,4,1,0
BRDA:271,5,0,0
BRDA:271,5,1,0
BRDA:294,6,0,0
BRDA:294,6,1,0
BRDA:302,7,0,0
BRDA:302,7,1,0
BRDA:327,8,0,0
BRDA:327,8,1,0
BRDA:339,9,0,0
BRDA:339,9,1,0
BRDA:344,10,0,0
BRDA:344,10,1,0
BRDA:360,11,0,0
BRDA:360,11,1,0
BRDA:372,12,0,0
BRDA:372,12,1,0
BRDA:377,13,0,0
BRDA:377,13,1,0
BRDA:403,14,0,0
BRDA:403,14,1,0
BRDA:410,15,0,0
BRDA:410,15,1,0
BRDA:410,16,0,0
BRDA:410,16,1,0
BRDA:434,17,0,0
BRDA:434,17,1,0
BRDA:440,18,0,0
BRDA:440,18,1,0
BRDA:448,19,0,0
BRDA:448,19,1,0
BRDA:455,20,0,0
BRDA:455,20,1,0
BRDA:455,21,0,0
BRDA:455,21,1,0
BRDA:467,22,0,0
BRDA:467,22,1,0
BRDA:473,23,0,0
BRDA:473,23,1,0
BRDA:479,24,0,0
BRDA:479,24,1,0
BRDA:486,25,0,0
BRDA:486,25,1,0
BRDA:516,26,0,0
BRDA:516,26,1,0
BRDA:519,27,0,0
BRDA:519,27,1,0
BRDA:519,28,0,0
BRDA:519,28,1,0
BRDA:534,29,0,0
BRDA:534,29,1,0
BRDA:552,30,0,0
BRDA:552,30,1,0
BRDA:568,31,0,0
BRDA:568,31,1,0
BRDA:575,32,0,0
BRDA:575,32,1,0
BRDA:575,33,0,0
BRDA:575,33,1,0
BRDA:581,34,0,0
BRDA:581,34,1,0
BRDA:586,35,0,0
BRDA:586,35,1,0
BRDA:613,36,0,0
BRDA:613,36,1,0
BRDA:621,37,0,0
BRDA:621,37,1,0
BRDA:640,38,0,0
BRDA:640,38,1,0
BRDA:641,39,0,0
BRDA:641,39,1,0
BRDA:642,40,0,0
BRDA:642,40,1,0
BRDA:655,41,0,0
BRDA:655,41,1,0
BRDA:662,42,0,0
BRDA:662,42,1,0
BRDA:694,43,0,0
BRDA:694,43,1,0
BRDA:708,44,0,0
BRDA:708,44,1,0
BRDA:711,45,0,0
BRDA:711,45,1,0
BRDA:776,46,0,0
BRDA:776,46,1,0
BRDA:789,47,0,0
BRDA:789,47,1,0
BRDA:789,48,0,0
BRDA:789,48,1,0
BRDA:789,48,2,0
BRF:97
BRH:0
end_of_record
TN:
SF:/Users/mattfewer/dev/personalwebsite/pencilblue/include/service/entities/user_service.js
FN:22,(anonymous_1)
FN:38,UserService
FN:73,(anonymous_3)
FN:80,(anonymous_4)
FN:96,(anonymous_5)
FN:111,(anonymous_6)
FN:130,(anonymous_7)
FN:136,(anonymous_8)
FN:155,(anonymous_9)
FN:181,(anonymous_10)
FN:195,(anonymous_11)
FN:215,(anonymous_12)
FN:244,(anonymous_13)
FN:249,(anonymous_14)
FN:279,(anonymous_15)
FN:308,(anonymous_16)
FN:309,(anonymous_17)
FN:330,(anonymous_18)
FN:336,(anonymous_19)
FN:344,(anonymous_20)
FN:348,(anonymous_21)
FN:351,(anonymous_22)
FN:354,(anonymous_23)
FN:371,(anonymous_24)
FN:385,(anonymous_25)
FN:401,(anonymous_26)
FN:422,(anonymous_27)
FN:426,(anonymous_28)
FN:431,(anonymous_29)
FN:449,(anonymous_30)
FN:479,(anonymous_31)
FN:483,(anonymous_32)
FN:497,(anonymous_33)
FN:505,(anonymous_34)
FN:513,(anonymous_35)
FN:521,(anonymous_36)
FN:531,(anonymous_37)
FN:540,(anonymous_38)
FN:550,(anonymous_39)
FN:559,(anonymous_40)
FN:567,(anonymous_41)
FN:579,(anonymous_42)
FN:587,(anonymous_43)
FN:595,(anonymous_44)
FN:614,(anonymous_45)
FN:639,(anonymous_46)
FN:667,(anonymous_47)
FNF:47
FNH:1
FNDA:3,(anonymous_1)
FNDA:0,UserService
FNDA:0,(anonymous_3)
FNDA:0,(anonymous_4)
FNDA:0,(anonymous_5)
FNDA:0,(anonymous_6)
FNDA:0,(anonymous_7)
FNDA:0,(anonymous_8)
FNDA:0,(anonymous_9)
FNDA:0,(anonymous_10)
FNDA:0,(anonymous_11)
FNDA:0,(anonymous_12)
FNDA:0,(anonymous_13)
FNDA:0,(anonymous_14)
FNDA:0,(anonymous_15)
FNDA:0,(anonymous_16)
FNDA:0,(anonymous_17)
FNDA:0,(anonymous_18)
FNDA:0,(anonymous_19)
FNDA:0,(anonymous_20)
FNDA:0,(anonymous_21)
FNDA:0,(anonymous_22)
FNDA:0,(anonymous_23)
FNDA:0,(anonymous_24)
FNDA:0,(anonymous_25)
FNDA:0,(anonymous_26)
FNDA:0,(anonymous_27)
FNDA:0,(anonymous_28)
FNDA:0,(anonymous_29)
FNDA:0,(anonymous_30)
FNDA:0,(anonymous_31)
FNDA:0,(anonymous_32)
FNDA:0,(anonymous_33)
FNDA:0,(anonymous_34)
FNDA:0,(anonymous_35)
FNDA:0,(anonymous_36)
FNDA:0,(anonymous_37)
FNDA:0,(anonymous_38)
FNDA:0,(anonymous_39)
FNDA:0,(anonymous_40)
FNDA:0,(anonymous_41)
FNDA:0,(anonymous_42)
FNDA:0,(anonymous_43)
FNDA:0,(anonymous_44)
FNDA:0,(anonymous_45)
FNDA:0,(anonymous_46)
FNDA:0,(anonymous_47)
DA:19,1
DA:20,1
DA:22,1
DA:25,3
DA:26,3
DA:27,3
DA:28,3
DA:38,1
DA:39,0
DA:40,0
DA:43,0
DA:44,0
DA:46,3
DA:55,3
DA:64,3
DA:73,3
DA:74,0
DA:75,0
DA:78,0
DA:79,0
DA:80,0
DA:81,0
DA:82,0
DA:85,0
DA:96,3
DA:97,0
DA:98,0
DA:99,0
DA:101,0
DA:111,3
DA:112,0
DA:115,0
DA:116,0
DA:117,0
DA:121,0
DA:129,0
DA:130,0
DA:131,0
DA:132,0
DA:136,0
DA:139,0
DA:140,0
DA:144,0
DA:155,3
DA:156,0
DA:162,0
DA:163,0
DA:165,0
DA:166,0
DA:169,0
DA:181,3
DA:182,0
DA:183,0
DA:195,3
DA:196,0
DA:197,0
DA:198,0
DA:201,0
DA:203,0
DA:214,0
DA:215,0
DA:216,0
DA:217,0
DA:220,0
DA:221,0
DA:223,0
DA:226,0
DA:228,0
DA:229,0
DA:231,0
DA:233,0
DA:244,3
DA:245,0
DA:248,0
DA:249,0
DA:250,0
DA:258,0
DA:259,0
DA:260,0
DA:261,0
DA:264,0
DA:265,0
DA:266,0
DA:279,3
DA:280,0
DA:282,0
DA:285,0
DA:295,0
DA:296,0
DA:308,3
DA:309,0
DA:311,0
DA:312,0
DA:314,0
DA:315,0
DA:318,0
DA:330,3
DA:331,0
DA:332,0
DA:333,0
DA:336,0
DA:337,0
DA:338,0
DA:340,0
DA:342,0
DA:343,0
DA:345,0
DA:346,0
DA:349,0
DA:352,0
DA:355,0
DA:358,0
DA:371,3
DA:372,0
DA:385,3
DA:386,0
DA:401,3
DA:402,0
DA:403,0
DA:404,0
DA:407,0
DA:408,0
DA:409,0
DA:410,0
DA:413,0
DA:414,0
DA:417,0
DA:420,0
DA:423,0
DA:427,0
DA:428,0
DA:431,0
DA:432,0
DA:449,3
DA:450,0
DA:451,0
DA:452,0
DA:454,0
DA:455,0
DA:458,0
DA:467,0
DA:468,0
DA:479,3
DA:480,0
DA:481,0
DA:482,0
DA:483,0
DA:484,0
DA:497,3
DA:498,0
DA:499,0
DA:500,0
DA:502,0
DA:506,0
DA:507,0
DA:509,0
DA:514,0
DA:515,0
DA:517,0
DA:522,0
DA:523,0
DA:524,0
DA:528,0
DA:531,0
DA:532,0
DA:533,0
DA:535,0
DA:541,0
DA:542,0
DA:543,0
DA:547,0
DA:550,0
DA:551,0
DA:552,0
DA:554,0
DA:560,0
DA:561,0
DA:563,0
DA:568,0
DA:569,0
DA:570,0
DA:572,0
DA:573,0
DA:575,0
DA:580,0
DA:581,0
DA:583,0
DA:588,0
DA:589,0
DA:591,0
DA:596,0
DA:597,0
DA:599,0
DA:602,0
DA:614,3
DA:615,0
DA:616,0
DA:617,0
DA:618,0
DA:619,0
DA:620,0
DA:621,0
DA:623,0
DA:624,0
DA:625,0
DA:626,0
DA:627,0
DA:639,3
DA:640,0
DA:641,0
DA:643,0
DA:644,0
DA:645,0
DA:646,0
DA:647,0
DA:648,0
DA:649,0
DA:650,0
DA:651,0
DA:652,0
DA:654,0
DA:667,3
DA:668,0
DA:672,3
DA:673,3
DA:674,3
DA:676,3
LF:227
LH:34
BRDA:39,1,0,0
BRDA:39,1,1,0
BRDA:74,2,0,0
BRDA:74,2,1,0
BRDA:81,3,0,0
BRDA:81,3,1,0
BRDA:98,4,0,0
BRDA:98,4,1,0
BRDA:131,5,0,0
BRDA:131,5,1,0
BRDA:162,6,0,0
BRDA:162,6,1,0
BRDA:165,7,0,0
BRDA:165,7,1,0
BRDA:196,8,0,0
BRDA:196,8,1,0
BRDA:210,9,0,0
BRDA:210,9,1,0
BRDA:216,10,0,0
BRDA:216,10,1,0
BRDA:228,11,0,0
BRDA:228,11,1,0
BRDA:245,12,0,0
BRDA:245,12,1,0
BRDA:258,13,0,0
BRDA:258,13,1,0
BRDA:280,14,0,0
BRDA:280,14,1,0
BRDA:312,15,0,0
BRDA:312,15,1,0
BRDA:331,16,0,0
BRDA:331,16,1,0
BRDA:337,17,0,0
BRDA:337,17,1,0
BRDA:402,18,0,0
BRDA:402,18,1,0
BRDA:413,19,0,0
BRDA:413,19,1,0
BRDA:432,20,0,0
BRDA:432,20,1,0
BRDA:450,21,0,0
BRDA:450,21,1,0
BRDA:454,22,0,0
BRDA:454,22,1,0
BRDA:506,23,0,0
BRDA:506,23,1,0
BRDA:514,24,0,0
BRDA:514,24,1,0
BRDA:522,25,0,0
BRDA:522,25,1,0
BRDA:532,26,0,0
BRDA:532,26,1,0
BRDA:541,27,0,0
BRDA:541,27,1,0
BRDA:551,28,0,0
BRDA:551,28,1,0
BRDA:560,29,0,0
BRDA:560,29,1,0
BRDA:568,30,0,0
BRDA:568,30,1,0
BRDA:572,31,0,0
BRDA:572,31,1,0
BRDA:572,32,0,0
BRDA:572,32,1,0
BRDA:580,33,0,0
BRDA:580,33,1,0
BRDA:588,34,0,0
BRDA:588,34,1,0
BRDA:596,35,0,0
BRDA:596,35,1,0
BRDA:620,36,0,0
BRDA:620,36,1,0
BRDA:651,37,0,0
BRDA:651,37,1,0
BRDA:651,38,0,0
BRDA:651,38,1,0
BRF:76
BRH:0
end_of_record
TN:
SF:/Users/mattfewer/dev/personalwebsite/pencilblue/include/http/parsers/index.js
FN:22,(anonymous_1)
FN:31,BaseBodyParser
FN:66,(anonymous_3)
FN:75,(anonymous_4)
FN:79,(anonymous_5)
FN:92,(anonymous_6)
FN:108,(anonymous_7)
FN:134,FormBodyParser
FN:144,(anonymous_9)
FN:148,(anonymous_10)
FN:149,(anonymous_11)
FN:164,JsonBodyParser
FN:174,(anonymous_13)
FN:177,(anonymous_14)
FNF:14
FNH:1
FNDA:3,(anonymous_1)
FNDA:0,BaseBodyParser
FNDA:0,(anonymous_3)
FNDA:0,(anonymous_4)
FNDA:0,(anonymous_5)
FNDA:0,(anonymous_6)
FNDA:0,(anonymous_7)
FNDA:0,FormBodyParser
FNDA:0,(anonymous_9)
FNDA:0,(anonymous_10)
FNDA:0,(anonymous_11)
FNDA:0,JsonBodyParser
FNDA:0,(anonymous_13)
FNDA:0,(anonymous_14)
DA:19,1
DA:20,1
DA:22,1
DA:31,1
DA:42,3
DA:53,3
DA:66,3
DA:67,0
DA:75,3
DA:76,0
DA:77,0
DA:79,0
DA:80,0
DA:81,0
DA:84,0
DA:87,0
DA:88,0
DA:89,0
DA:92,0
DA:95,0
DA:96,0
DA:98,0
DA:108,3
DA:109,0
DA:110,0
DA:111,0
DA:115,0
DA:116,0
DA:117,0
DA:121,0
DA:134,1
DA:135,3
DA:144,3
DA:145,0
DA:148,0
DA:149,0
DA:150,0
DA:152,0
DA:164,1
DA:165,3
DA:174,3
DA:175,0
DA:177,0
DA:178,0
DA:179,0
DA:183,0
DA:184,0
DA:186,0
DA:187,0
DA:188,0
DA:189,0
DA:192,0
DA:194,0
DA:198,3
LF:54
LH:16
BRDA:84,1,0,0
BRDA:84,1,1,0
BRDA:110,2,0,0
BRDA:110,2,1,0
BRDA:116,3,0,0
BRDA:116,3,1,0
BRDA:178,4,0,0
BRDA:178,4,1,0
BRDA:184,5,0,0
BRDA:184,5,1,0
BRF:10
BRH:0
end_of_record
TN:
SF:/Users/mattfewer/dev/personalwebsite/pencilblue/include/http/request_handler.js
FN:28,RequestHandlerModule
FN:38,RequestHandler
FN:106,(anonymous_3)
FN:110,(anonymous_4)
FN:134,(anonymous_5)
FN:150,(anonymous_6)
FN:162,(anonymous_7)
FN:176,(anonymous_8)
FN:193,(anonymous_9)
FN:250,(anonymous_10)
FN:343,(anonymous_11)
FN:406,(anonymous_12)
FN:419,(anonymous_13)
FN:445,(anonymous_14)
FN:462,(anonymous_15)
FN:470,(anonymous_16)
FN:500,(anonymous_17)
FN:531,(anonymous_18)
FN:546,(anonymous_19)
FN:565,(anonymous_20)
FN:577,(anonymous_21)
FN:600,(anonymous_22)
FN:619,(anonymous_23)
FN:634,(anonymous_24)
FN:676,(anonymous_25)
FN:690,(anonymous_26)
FN:703,(anonymous_27)
FN:731,(anonymous_28)
FN:747,(anonymous_29)
FN:772,(anonymous_30)
FN:797,(anonymous_31)
FN:801,(anonymous_32)
FN:818,(anonymous_33)
FN:833,(anonymous_34)
FN:866,(anonymous_35)
[...]
FNDA:0,(anonymous_15)
FNDA:0,(anonymous_16)
FNDA:0,(anonymous_17)
FNDA:0,(anonymous_18)
FNDA:0,(anonymous_19)
FNDA:0,(anonymous_20)
FNDA:0,(anonymous_21)
FNDA:0,(anonymous_22)
FNDA:0,(anonymous_23)
FNDA:0,(anonymous_24)
FNDA:0,(anonymous_25)
FNDA:0,(anonymous_26)
FNDA:0,(anonymous_27)
FNDA:0,(anonymous_28)
FNDA:0,(anonymous_29)
FNDA:0,(anonymous_30)
FNDA:0,(anonymous_31)
FNDA:0,(anonymous_32)
FNDA:0,(anonymous_33)
FNDA:0,(anonymous_34)
FNDA:0,(anonymous_35)
FNDA:0,(anonymous_36)
FNDA:0,(anonymous_37)
FNDA:0,(anonymous_38)
FNDA:0,(anonymous_39)
FNDA:0,(anonymous_40)
FNDA:0,(anonymous_41)
FNDA:0,(anonymous_42)
FNDA:0,(anonymous_43)
FNDA:0,(anonymous_44)
FNDA:0,(anonymous_45)
FNDA:0,(anonymous_46)
DA:19,1
DA:20,1
DA:21,1
DA:23,1
DA:26,3
DA:27,3
DA:28,3
DA:42,1
DA:44,0
DA:45,0
DA:46,0
DA:47,0
DA:48,0
DA:49,0
DA:50,0
DA:60,3
DA:69,3
DA:70,0
DA:83,3
DA:84,0
DA:86,0
DA:87,0
DA:88,0
DA:91,0
DA:92,0
DA:93,0
DA:94,0
DA:95,0
DA:96,0
DA:98,0
DA:99,0
DA:101,0
DA:102,0
DA:104,0
DA:105,0
DA:108,0
DA:109,0
DA:110,0
DA:113,0
DA:128,3
DA:132,0
DA:133,0
DA:138,0
DA:139,0
DA:141,0
DA:147,0
DA:148,0
DA:149,0
DA:150,0
DA:155,0
DA:160,0
DA:162,0
DA:163,0
DA:165,0
DA:168,0
DA:174,0
DA:175,0
DA:176,0
DA:181,0
DA:182,0
DA:183,0
DA:191,3
DA:192,0
DA:202,3
DA:203,0
DA:204,0
DA:206,0
DA:207,0
DA:208,0
DA:209,0
DA:211,0
DA:214,0
DA:215,0
DA:226,3
DA:227,0
DA:228,0
DA:233,0
DA:239,0
DA:240,0
DA:244,0
DA:248,0
DA:249,0
DA:252,0
DA:253,0
DA:254,0
DA:255,0
DA:259,0
DA:269,3
DA:270,0
DA:273,0
DA:274,0
DA:284,3
DA:285,0
DA:286,0
DA:287,0
DA:290,0
DA:291,0
DA:292,0
DA:294,0
DA:295,0
DA:297,0
DA:298,0
DA:301,0
DA:304,0
DA:314,3
DA:315,0
DA:316,0
DA:319,0
DA:320,0
DA:321,0
DA:323,0
DA:324,0
DA:327,0
DA:328,0
DA:336,3
DA:337,0
DA:338,0
DA:339,0
DA:340,0
DA:341,0
DA:351,3
DA:352,0
DA:353,0
DA:355,0
DA:365,3
DA:366,0
DA:369,0
DA:370,0
DA:373,0
DA:374,0
DA:375,0
DA:376,0
DA:377,0
DA:378,0
DA:379,0
DA:380,0
DA:382,0
DA:383,0
DA:385,0
DA:386,0
DA:387,0
DA:388,0
DA:389,0
DA:390,0
DA:391,0
DA:392,0
DA:393,0
DA:394,0
DA:395,0
DA:396,0
DA:397,0
DA:398,0
DA:399,0
DA:400,0
DA:401,0
DA:402,0
DA:405,0
DA:406,0
DA:407,0
DA:410,0
DA:412,0
DA:422,3
DA:423,0
DA:424,0
DA:425,0
DA:426,0
DA:429,0
DA:430,0
DA:432,0
DA:433,0
DA:435,0
DA:436,0
DA:437,0
DA:438,0
DA:439,0
DA:440,0
DA:441,0
DA:444,0
DA:445,0
DA:447,0
DA:448,0
DA:451,0
DA:452,0
DA:455,0
DA:465,3
DA:467,0
DA:468,0
DA:469,0
DA:470,0
DA:471,0
DA:472,0
DA:473,0
DA:474,0
DA:484,3
DA:485,0
DA:486,0
DA:487,0
DA:489,0
DA:499,3
DA:500,0
DA:501,0
DA:502,0
DA:504,0
DA:514,3
DA:515,0
DA:525,3
DA:526,0
DA:527,0
DA:528,0
DA:537,3
DA:538,0
DA:539,0
DA:549,3
DA:550,0
DA:561,3
DA:562,0
DA:565,3
LF:217
LH:31
BRDA:87,1,0,0
BRDA:87,1,1,0
BRDA:109,2,0,0
BRDA:109,2,1,0
BRDA:132,3,0,0
BRDA:132,3,1,0
BRDA:132,4,0,0
BRDA:132,4,1,0
BRDA:132,4,2,0
BRDA:138,5,0,0
BRDA:138,5,1,0
BRDA:138,6,0,0
BRDA:138,6,1,0
BRDA:147,7,0,0
BRDA:147,7,1,0
BRDA:160,8,0,0
BRDA:160,8,1,0
BRDA:165,9,0,0
BRDA:165,9,1,0
BRDA:174,10,0,0
BRDA:174,10,1,0
BRDA:208,11,0,0
BRDA:208,11,1,0
BRDA:248,12,0,0
BRDA:248,12,1,0
BRDA:286,13,0,0
BRDA:286,13,1,0
BRDA:287,14,0,0
BRDA:287,14,1,0
BRDA:291,15,0,0
BRDA:291,15,1,0
BRDA:294,16,0,0
BRDA:294,16,1,0
BRDA:297,17,0,0
BRDA:297,17,1,0
BRDA:301,18,0,0
BRDA:301,18,1,0
BRDA:304,19,0,0
BRDA:304,19,1,0
BRDA:315,20,0,0
BRDA:315,20,1,0
BRDA:320,21,0,0
BRDA:320,21,1,0
BRDA:323,22,0,0
BRDA:323,22,1,0
BRDA:338,23,0,0
BRDA:338,23,1,0
BRDA:339,24,0,0
BRDA:339,24,1,0
BRDA:340,25,0,0
BRDA:340,25,1,0
BRDA:352,26,0,0
BRDA:352,26,1,0
BRDA:369,27,0,0
BRDA:369,27,1,0
BRDA:374,28,0,0
BRDA:374,28,1,0
BRDA:375,29,0,0
BRDA:375,29,1,0
BRDA:390,30,0,0
BRDA:390,30,1,0
BRDA:390,31,0,0
BRDA:390,31,1,0
BRDA:401,32,0,0
BRDA:401,32,1,0
BRDA:401,33,0,0
BRDA:401,33,1,0
BRDA:425,34,0,0
BRDA:425,34,1,0
BRDA:435,35,0,0
BRDA:435,35,1,0
BRDA:436,36,0,0
BRDA:436,36,1,0
BRDA:437,37,0,0
BRDA:437,37,1,0
BRDA:438,38,0,0
BRDA:438,38,1,0
BRDA:440,39,0,0
BRDA:440,39,1,0
BRDA:440,40,0,0
BRDA:440,40,1,0
BRDA:468,41,0,0
BRDA:468,41,1,0
BRDA:469,42,0,0
BRDA:469,42,1,0
BRDA:471,43,0,0
BRDA:471,43,1,0
BRDA:486,44,0,0
BRDA:486,44,1,0
BRDA:487,45,0,0
BRDA:487,45,1,0
BRDA:501,46,0,0
BRDA:501,46,1,0
BRDA:501,47,0,0
BRDA:501,47,1,0
BRDA:501,47,2,0
BRDA:550,48,0,0
BRDA:550,48,1,0
BRDA:562,49,0,0
BRDA:562,49,1,0
BRF:100
BRH:0
end_of_record
TN:
SF:/Users/mattfewer/dev/personalwebsite/pencilblue/include/service/entities/article_service.js
FN:27,ArticleServiceModule
FN:36,ArticleService
FN:66,(anonymous_3)
FN:76,(anonymous_4)
FN:87,(anonymous_5)
FN:98,(anonymous_6)
FN:109,(anonymous_7)
FN:131,(anonymous_8)
FN:185,(anonymous_9)
FN:194,(anonymous_10)
FN:197,(anonymous_11)
FN:199,(anonymous_12)
FN:200,(anonymous_13)
FN:201,(anonymous_14)
FN:206,(anonymous_15)
FN:223,(anonymous_16)
FN:246,(anonymous_17)
FN:346,(anonymous_18)
FN:361,(anonymous_19)
FN:366,(anonymous_20)
FN:385,(anonymous_21)
FN:400,(anonymous_22)
FN:403,(anonymous_23)
FN:420,(anonymous_24)
FN:421,(anonymous_25)
FN:435,(anonymous_26)
FN:450,(anonymous_27)
FN:462,(anonymous_28)
FN:469,(anonymous_29)
FN:470,(anonymous_30)
FN:488,(anonymous_31)
FN:500,(anonymous_32)
FN:510,(anonymous_33)
FN:513,(anonymous_34)
FN:534,(anonymous_35)
FN:546,MediaLoader
FN:562,(anonymous_37)
FN:579,(anonymous_38)
FN:595,(anonymous_39)
FN:602,(anonymous_40)
FN:616,(anonymous_41)
FN:619,(anonymous_42)
FN:623,(anonymous_43)
FN:624,(anonymous_44)
FN:625,(anonymous_45)
FN:630,(anonymous_46)
FN:643,(anonymous_47)
FN:660,(anonymous_48)
FN:683,(anonymous_49)
FN:711,(anonymous_50)
FNF:50
FNH:1
FNDA:3,ArticleServiceModule
FNDA:0,ArticleService
FNDA:0,(anonymous_3)
FNDA:0,(anonymous_4)
FNDA:0,(anonymous_5)
FNDA:0,(anonymous_6)
FNDA:0,(anonymous_7)
FNDA:0,(anonymous_8)
FNDA:0,(anonymous_9)
FNDA:0,(anonymous_10)
FNDA:0,(anonymous_11)
FNDA:0,(anonymous_12)
FNDA:0,(anonymous_13)
FNDA:0,(anonymous_14)
FNDA:0,(anonymous_15)
FNDA:0,(anonymous_16)
FNDA:0,(anonymous_17)
FNDA:0,(anonymous_18)
FNDA:0,(anonymous_19)
FNDA:0,(anonymous_20)
FNDA:0,(anonymous_21)
FNDA:0,(anonymous_22)
FNDA:0,(anonymous_23)
FNDA:0,(anonymous_24)
FNDA:0,(anonymous_25)
FNDA:0,(anonymous_26)
FNDA:0,(anonymous_27)
FNDA:0,(anonymous_28)
FNDA:0,(anonymous_29)
FNDA:0,(anonymous_30)
FNDA:0,(anonymous_31)
FNDA:0,(anonymous_32)
FNDA:0,(anonymous_33)
FNDA:0,(anonymous_34)
FNDA:0,(anonymous_35)
FNDA:0,MediaLoader
FNDA:0,(anonymous_37)
FNDA:0,(anonymous_38)
FNDA:0,(anonymous_39)
FNDA:0,(anonymous_40)
FNDA:0,(anonymous_41)
FNDA:0,(anonymous_42)
FNDA:0,(anonymous_43)
FNDA:0,(anonymous_44)
FNDA:0,(anonymous_45)
FNDA:0,(anonymous_46)
FNDA:0,(anonymous_47)
FNDA:0,(anonymous_48)
FNDA:0,(anonymous_49)
FNDA:0,(anonymous_50)
DA:19,1
DA:20,1
DA:27,1
DA:36,1
DA:37,0
DA:48,3
DA:58,3
DA:66,3
DA:67,0
DA:76,3
DA:77,0
DA:87,3
DA:88,0
DA:98,3
DA:99,0
DA:109,3
DA:110,0
DA:131,3
DA:132,0
DA:133,0
DA:134,0
DA:136,0
DA:137,0
DA:141,0
DA:142,0
DA:146,0
DA:147,0
DA:149,0
DA:150,0
DA:154,0
DA:155,0
DA:156,0
DA:159,0
DA:163,0
DA:164,0
DA:165,0
DA:168,0
DA:172,0
DA:173,0
DA:174,0
DA:178,0
DA:179,0
DA:180,0
DA:183,0
DA:184,0
DA:185,0
DA:186,0
DA:187,0
DA:189,0
DA:190,0
DA:194,0
DA:196,0
DA:197,0
DA:199,0
DA:200,0
DA:201,0
DA:202,0
DA:206,0
DA:207,0
DA:223,3
DA:224,0
DA:225,0
DA:228,0
DA:229,0
DA:231,0
DA:232,0
DA:246,3
DA:247,0
DA:248,0
DA:249,0
DA:252,0
DA:254,0
DA:255,0
DA:257,0
DA:259,0
DA:260,0
DA:261,0
DA:262,0
DA:265,0
DA:266,0
DA:267,0
DA:272,0
DA:273,0
DA:279,0
DA:280,0
DA:281,0
DA:284,0
DA:287,0
DA:288,0
DA:289,0
DA:293,0
DA:294,0
DA:295,0
DA:296,0
DA:298,0
DA:301,0
DA:302,0
DA:305,0
DA:306,0
DA:311,0
DA:312,0
DA:313,0
DA:314,0
DA:315,0
DA:320,0
DA:321,0
DA:324,0
DA:325,0
DA:326,0
DA:327,0
DA:329,0
DA:332,0
DA:333,0
DA:337,0
DA:339,0
DA:344,0
DA:345,0
DA:346,0
DA:347,0
DA:348,0
DA:350,0
DA:352,0
DA:360,0
DA:361,0
DA:362,0
DA:363,0
DA:366,0
DA:367,0
DA:368,0
DA:373,0
DA:385,3
DA:388,0
DA:389,0
DA:400,3
DA:403,0
DA:404,0
DA:405,0
DA:407,0
DA:408,0
DA:409,0
DA:410,0
DA:412,0
DA:413,0
DA:418,0
DA:419,0
DA:420,0
DA:421,0
DA:423,0
DA:424,0
DA:427,0
DA:428,0
DA:429,0
DA:430,0
DA:434,0
DA:435,0
DA:436,0
DA:437,0
DA:438,0
DA:442,0
DA:443,0
DA:444,0
DA:446,0
DA:450,0
DA:451,0
DA:462,3
DA:463,0
DA:464,0
DA:465,0
DA:468,0
DA:469,0
DA:470,0
DA:471,0
DA:488,3
DA:489,0
DA:490,0
DA:500,3
DA:501,0
DA:502,0
DA:506,0
DA:510,0
DA:512,0
DA:513,0
DA:514,0
DA:515,0
DA:518,0
DA:534,3
DA:535,0
DA:546,1
DA:552,0
DA:562,3
DA:563,0
DA:564,0
DA:565,0
DA:567,0
DA:568,0
DA:572,0
DA:573,0
DA:574,0
DA:578,0
DA:579,0
DA:580,0
DA:581,0
DA:586,0
DA:587,0
DA:591,0
DA:592,0
DA:595,0
DA:596,0
DA:597,0
DA:601,0
DA:602,0
DA:603,0
DA:606,0
DA:616,3
DA:617,0
DA:619,0
DA:620,0
DA:622,0
DA:623,0
DA:625,0
DA:626,0
DA:627,0
DA:631,0
DA:643,3
DA:644,0
DA:645,0
DA:648,0
DA:649,0
DA:650,0
DA:660,3
DA:661,0
DA:662,0
DA:665,0
DA:666,0
DA:667,0
DA:668,0
DA:670,0
DA:671,0
DA:673,0
DA:683,3
DA:684,0
DA:685,0
DA:686,0
DA:689,0
DA:691,0
DA:692,0
DA:693,0
DA:694,0
DA:698,0
DA:708,0
DA:709,0
DA:711,0
DA:712,0
DA:713,0
DA:717,0
DA:720,0
DA:721,0
DA:722,0
DA:723,0
DA:724,0
DA:729,3
LF:261
LH:27
BRDA:132,1,0,0
BRDA:132,1,1,0
BRDA:136,2,0,0
BRDA:136,2,1,0
BRDA:141,3,0,0
BRDA:141,3,1,0
BRDA:146,4,0,0
BRDA:146,4,1,0
BRDA:149,5,0,0
BRDA:149,5,1,0
BRDA:155,6,0,0
BRDA:155,6,1,0
BRDA:164,7,0,0
BRDA:164,7,1,0
BRDA:173,8,0,0
BRDA:173,8,1,0
BRDA:179,9,0,0
BRDA:179,9,1,0
BRDA:186,10,0,0
BRDA:186,10,1,0
BRDA:189,11,0,0
BRDA:189,11,1,0
BRDA:224,12,0,0
BRDA:224,12,1,0
BRDA:247,13,0,0
BRDA:247,13,1,0
BRDA:254,14,0,0
BRDA:254,14,1,0
BRDA:255,15,0,0
BRDA:255,15,1,0
BRDA:259,16,0,0
BRDA:259,16,1,0
BRDA:260,17,0,0
BRDA:260,17,1,0
BRDA:260,18,0,0
BRDA:260,18,1,0
BRDA:266,19,0,0
BRDA:266,19,1,0
BRDA:266,20,0,0
BRDA:266,20,1,0
BRDA:272,21,0,0
BRDA:272,21,1,0
BRDA:279,22,0,0
BRDA:279,22,1,0
BRDA:280,23,0,0
BRDA:280,23,1,0
BRDA:287,24,0,0
BRDA:287,24,1,0
BRDA:287,25,0,0
BRDA:287,25,1,0
BRDA:294,26,0,0
BRDA:294,26,1,0
BRDA:301,27,0,0
BRDA:301,27,1,0
BRDA:301,28,0,0
BRDA:301,28,1,0
BRDA:301,28,2,0
BRDA:301,28,3,0
BRDA:313,29,0,0
BRDA:313,29,1,0
BRDA:320,30,0,0
BRDA:320,30,1,0
BRDA:324,31,0,0
BRDA:324,31,1,0
BRDA:325,32,0,0
BRDA:325,32,1,0
BRDA:325,33,0,0
BRDA:325,33,1,0
BRDA:332,34,0,0
BRDA:332,34,1,0
BRDA:350,35,0,0
BRDA:350,35,1,0
BRDA:350,36,0,0
BRDA:350,36,1,0
BRDA:362,37,0,0
BRDA:362,37,1,0
BRDA:362,38,0,0
BRDA:362,38,1,0
BRDA:407,39,0,0
BRDA:407,39,1,0
BRDA:409,40,0,0
BRDA:409,40,1,0
BRDA:412,41,0,0
BRDA:412,41,1,0
BRDA:424,42,0,0
BRDA:424,42,1,0
BRDA:424,43,0,0
BRDA:424,43,1,0
BRDA:436,44,0,0
BRDA:436,44,1,0
BRDA:436,45,0,0
BRDA:436,45,1,0
BRDA:463,46,0,0
BRDA:463,46,1,0
BRDA:501,47,0,0
BRDA:501,47,1,0
BRDA:514,48,0,0
BRDA:514,48,1,0
BRDA:535,49,0,0
BRDA:535,49,1,0
BRDA:563,50,0,0
BRDA:563,50,1,0
BRDA:567,51,0,0
BRDA:567,51,1,0
BRDA:573,52,0,0
BRDA:573,52,1,0
BRDA:580,53,0,0
BRDA:580,53,1,0
BRDA:586,54,0,0
BRDA:586,54,1,0
BRDA:593,55,0,0
BRDA:593,55,1,0
BRDA:596,56,0,0
BRDA:596,56,1,0
BRDA:644,57,0,0
BRDA:644,57,1,0
BRDA:648,58,0,0
BRDA:648,58,1,0
BRDA:661,59,0,0
BRDA:661,59,1,0
BRDA:685,60,0,0
BRDA:685,60,1,0
BRDA:692,61,0,0
BRDA:692,61,1,0
BRDA:708,62,0,0
BRDA:708,62,1,0
BRDA:712,63,0,0
BRDA:712,63,1,0
BRDA:717,64,0,0
BRDA:717,64,1,0
BRDA:722,65,0,0
BRDA:722,65,1,0
BRF:132
BRH:0
end_of_record
TN:
SF:/Users/mattfewer/dev/personalwebsite/pencilblue/include/theme/comments.js
FN:29,CommentServiceModule
FN:45,CommentService
FN:91,(anonymous_3)
FN:139,(anonymous_4)
FN:145,(anonymous_5)
FN:155,(anonymous_6)
FN:158,(anonymous_7)
FN:171,(anonymous_8)
FN:190,(anonymous_9)
FN:200,(anonymous_10)
FN:201,(anonymous_11)
FN:213,(anonymous_12)
FN:230,(anonymous_13)
FN:246,(anonymous_14)
FN:267,(anonymous_15)
FNF:15
FNH:1
FNDA:3,CommentServiceModule
FNDA:0,CommentService
FNDA:0,(anonymous_3)
FNDA:0,(anonymous_4)
FNDA:0,(anonymous_5)
FNDA:0,(anonymous_6)
FNDA:0,(anonymous_7)
FNDA:0,(anonymous_8)
FNDA:0,(anonymous_9)
FNDA:0,(anonymous_10)
FNDA:0,(anonymous_11)
FNDA:0,(anonymous_12)
FNDA:0,(anonymous_13)
FNDA:0,(anonymous_14)
FNDA:0,(anonymous_15)
DA:19,1
DA:20,1
DA:21,1
DA:29,1
DA:32,3
DA:33,3
DA:45,1
DA:46,0
DA:47,0
DA:50,0
DA:51,0
DA:58,0
DA:65,0
DA:72,0
DA:74,3
DA:83,3
DA:91,3
DA:92,0
DA:93,0
DA:95,0
DA:96,0
DA:99,0
DA:100,0
DA:103,0
DA:104,0
DA:107,0
DA:108,0
DA:110,0
DA:111,0
DA:113,0
DA:115,0
DA:118,0
DA:120,0
DA:123,0
DA:126,0
DA:128,0
DA:131,0
DA:135,0
DA:136,0
DA:140,0
DA:141,0
DA:145,0
DA:146,0
DA:147,0
DA:149,0
DA:158,0
DA:159,0
DA:160,0
DA:161,0
DA:165,0
DA:166,0
DA:167,0
DA:171,0
DA:172,0
DA:173,0
DA:175,0
DA:180,0
DA:190,3
DA:191,0
DA:193,0
DA:194,0
DA:195,0
DA:199,0
DA:200,0
DA:201,0
DA:202,0
DA:213,3
DA:214,0
DA:230,3
DA:231,0
DA:232,0
DA:233,0
DA:234,0
DA:246,3
DA:247,0
DA:248,0
DA:250,0
DA:251,0
DA:253,0
DA:254,0
DA:267,3
DA:268,0
DA:272,3
DA:273,3
DA:274,3
DA:277,3
LF:86
LH:19
BRDA:46,1,0,0
BRDA:46,1,1,0
BRDA:95,2,0,0
BRDA:95,2,1,0
BRDA:99,3,0,0
BRDA:99,3,1,0
BRDA:103,4,0,0
BRDA:103,4,1,0
BRDA:110,5,0,0
BRDA:110,5,1,0
BRDA:113,6,0,0
BRDA:113,6,1,0
BRDA:115,7,0,0
BRDA:115,7,1,0
BRDA:115,8,0,0
BRDA:115,8,1,0
BRDA:120,9,0,0
BRDA:120,9,1,0
BRDA:120,10,0,0
BRDA:120,10,1,0
BRDA:120,10,2,0
BRDA:126,11,0,0
BRDA:126,11,1,0
BRDA:128,12,0,0
BRDA:128,12,1,0
BRDA:128,13,0,0
BRDA:128,13,1,0
BRDA:140,14,0,0
BRDA:140,14,1,0
BRDA:146,15,0,0
BRDA:146,15,1,0
BRDA:159,16,0,0
BRDA:159,16,1,0
BRDA:165,17,0,0
BRDA:165,17,1,0
BRDA:172,18,0,0
BRDA:172,18,1,0
BRDA:172,19,0,0
BRDA:172,19,1,0
BRDA:193,20,0,0
BRDA:193,20,1,0
BRDA:247,21,0,0
BRDA:247,21,1,0
BRDA:251,22,0,0
BRDA:251,22,1,0
BRF:45
BRH:0
end_of_record
TN:
SF:/Users/mattfewer/dev/personalwebsite/pencilblue/config.js
FNF:0
FNH:0
DA:12,0
LF:1
LH:0
BRF:0
BRH:0
end_of_record
TN:
SF:/Users/mattfewer/dev/personalwebsite/pencilblue/include/dao/mongo/ttl_index_helper.js
FN:22,(anonymous_1)
FN:30,TTLIndexHelper
FN:56,(anonymous_3)
FN:73,(anonymous_4)
FN:78,(anonymous_5)
FN:84,(anonymous_6)
FN:95,(anonymous_7)
FN:110,(anonymous_8)
FN:120,(anonymous_9)
FN:126,(anonymous_10)
FN:131,(anonymous_11)
FN:147,(anonymous_12)
FN:150,(anonymous_13)
FNF:13
FNH:0
FNDA:0,(anonymous_1)
FNDA:0,TTLIndexHelper
FNDA:0,(anonymous_3)
FNDA:0,(anonymous_4)
FNDA:0,(anonymous_5)
FNDA:0,(anonymous_6)
FNDA:0,(anonymous_7)
FNDA:0,(anonymous_8)
FNDA:0,(anonymous_9)
FNDA:0,(anonymous_10)
FNDA:0,(anonymous_11)
FNDA:0,(anonymous_12)
FNDA:0,(anonymous_13)
DA:19,0
DA:20,0
DA:22,0
DA:30,0
DA:37,0
DA:48,0
DA:56,0
DA:57,0
DA:59,0
DA:60,0
DA:66,0
DA:67,0
DA:68,0
DA:69,0
DA:70,0
DA:74,0
DA:79,0
DA:80,0
DA:85,0
DA:86,0
DA:89,0
DA:90,0
DA:96,0
DA:97,0
DA:99,0
DA:100,0
DA:101,0
DA:104,0
DA:105,0
DA:106,0
DA:111,0
DA:112,0
DA:115,0
DA:116,0
DA:121,0
DA:122,0
DA:125,0
DA:126,0
DA:127,0
DA:131,0
DA:132,0
DA:133,0
DA:147,0
DA:149,0
DA:150,0
DA:151,0
DA:152,0
DA:155,0
DA:157,0
DA:158,0
DA:159,0
DA:162,0
DA:166,0
LF:53
LH:0
BRDA:85,1,0,0
BRDA:85,1,1,0
BRDA:96,2,0,0
BRDA:96,2,1,0
BRDA:99,3,0,0
BRDA:99,3,1,0
BRDA:111,4,0,0
BRDA:111,4,1,0
BRDA:121,5,0,0
BRDA:121,5,1,0
BRDA:132,6,0,0
BRDA:132,6,1,0
BRDA:151,7,0,0
BRDA:151,7,1,0
BRDA:158,8,0,0
BRDA:158,8,1,0
BRF:16
BRH:0
end_of_record
TN:
SF:/Users/mattfewer/dev/personalwebsite/pencilblue/include/service/entities/theme_service.js
FN:18,ThemeService
FNF:1
FNH:0
FNDA:0,ThemeService
DA:18,0
DA:20,0
DA:21,0
DA:24,0
DA:25,0
DA:29,0
DA:33,0
DA:34,0
DA:38,0
DA:39,0
DA:43,0
LF:11
LH:0
BRDA:24,1,0,0
BRDA:24,1,1,0
BRDA:33,2,0,0
BRDA:33,2,1,0
BRF:4
BRH:0
end_of_record
TN:
SF:/Users/mattfewer/dev/personalwebsite/pencilblue/include/service/media/renderers/audio_media_renderer.js
FN:21,AudioMediaRendererModule
FN:32,AudioMediaRenderer
FN:95,(anonymous_3)
FN:105,(anonymous_4)
FN:117,(anonymous_5)
FN:128,(anonymous_6)
FN:140,(anonymous_7)
FN:152,(anonymous_8)
FN:170,(anonymous_9)
FN:171,(anonymous_10)
FN:197,(anonymous_11)
FN:235,(anonymous_12)
FN:246,(anonymous_13)
FN:260,(anonymous_14)
FN:275,(anonymous_15)
FN:285,(anonymous_16)
FNF:16
FNH:0
FNDA:0,AudioMediaRendererModule
FNDA:0,AudioMediaRenderer
FNDA:0,(anonymous_3)
FNDA:0,(anonymous_4)
FNDA:0,(anonymous_5)
FNDA:0,(anonymous_6)
FNDA:0,(anonymous_7)
FNDA:0,(anonymous_8)
FNDA:0,(anonymous_9)
FNDA:0,(anonymous_10)
FNDA:0,(anonymous_11)
FNDA:0,(anonymous_12)
FNDA:0,(anonymous_13)
FNDA:0,(anonymous_14)
FNDA:0,(anonymous_15)
FNDA:0,(anonymous_16)
DA:19,0
DA:21,0
DA:24,0
DA:25,0
DA:32,0
DA:41,0
DA:51,0
DA:70,0
DA:95,0
DA:96,0
DA:105,0
DA:106,0
DA:107,0
DA:108,0
DA:117,0
DA:118,0
DA:128,0
DA:129,0
DA:130,0
DA:140,0
DA:141,0
DA:152,0
DA:153,0
DA:170,0
DA:171,0
DA:172,0
DA:173,0
DA:175,0
DA:197,0
DA:198,0
DA:199,0
DA:200,0
DA:204,0
DA:205,0
DA:207,0
DA:208,0
DA:209,0
DA:214,0
DA:215,0
DA:219,0
DA:220,0
DA:222,0
DA:224,0
DA:235,0
DA:236,0
DA:246,0
DA:247,0
DA:260,0
DA:261,0
DA:262,0
DA:263,0
DA:275,0
DA:276,0
DA:285,0
DA:286,0
DA:290,0
LF:56
LH:0
BRDA:96,1,0,0
BRDA:96,1,1,0
BRDA:130,2,0,0
BRDA:130,2,1,0
BRDA:141,3,0,0
BRDA:141,3,1,0
BRDA:172,4,0,0
BRDA:172,4,1,0
BRDA:198,5,0,0
BRDA:198,5,1,0
BRDA:205,6,0,0
BRDA:205,6,1,0
BRDA:208,7,0,0
BRDA:208,7,1,0
BRDA:219,8,0,0
BRDA:219,8,1,0
BRF:16
BRH:0
end_of_record
TN:
SF:/Users/mattfewer/dev/personalwebsite/pencilblue/include/session/storage/mongo_session_store.js
FN:22,MongoSessionStoreModule
FN:31,MongoSessionStore
FN:60,(anonymous_3)
FN:78,(anonymous_4)
FN:95,(anonymous_5)
FN:106,(anonymous_6)
FN:116,(anonymous_7)
FN:145,(anonymous_8)
FNF:8
FNH:0
FNDA:0,MongoSessionStoreModule
FNDA:0,MongoSessionStore
FNDA:0,(anonymous_3)
FNDA:0,(anonymous_4)
FNDA:0,(anonymous_5)
FNDA:0,(anonymous_6)
FNDA:0,(anonymous_7)
FNDA:0,(anonymous_8)
DA:19,0
DA:20,0
DA:22,0
DA:31,0
DA:41,0
DA:51,0
DA:60,0
DA:61,0
DA:62,0
DA:78,0
DA:79,0
DA:82,0
DA:85,0
DA:95,0
DA:96,0
DA:97,0
DA:106,0
DA:107,0
DA:108,0
DA:116,0
DA:117,0
DA:120,0
DA:121,0
DA:133,0
DA:134,0
DA:135,0
DA:145,0
DA:146,0
DA:151,0
LF:29
LH:0
BRF:0
BRH:0
end_of_record
TN:
SF:/Users/mattfewer/dev/personalwebsite/pencilblue/pencilblue.js
FN:36,PencilBlue
FN:53,(anonymous_2)
FN:68,(anonymous_3)
FN:83,(anonymous_4)
FN:84,(anonymous_5)
FN:102,(anonymous_6)
FN:112,(anonymous_7)
FN:122,(anonymous_8)
FN:138,(anonymous_9)
FN:140,(anonymous_10)
FN:160,(anonymous_11)
FN:167,(anonymous_12)
FN:179,(anonymous_13)
FN:192,(anonymous_14)
FN:197,(anonymous_15)
FN:200,(anonymous_16)
FN:205,(anonymous_17)
FN:211,(anonymous_18)
FN:216,(anonymous_19)
FN:238,(anonymous_20)
FN:266,(anonymous_21)
FN:288,(anonymous_22)
FN:298,(anonymous_23)
FN:308,(anonymous_24)
FN:316,(anonymous_25)
FN:318,(anonymous_26)
FNF:26
FNH:0
FNDA:0,PencilBlue
FNDA:0,(anonymous_2)
FNDA:0,(anonymous_3)
FNDA:0,(anonymous_4)
FNDA:0,(anonymous_5)
FNDA:0,(anonymous_6)
FNDA:0,(anonymous_7)
FNDA:0,(anonymous_8)
FNDA:0,(anonymous_9)
FNDA:0,(anonymous_10)
FNDA:0,(anonymous_11)
FNDA:0,(anonymous_12)
FNDA:0,(anonymous_13)
FNDA:0,(anonymous_14)
FNDA:0,(anonymous_15)
FNDA:0,(anonymous_16)
FNDA:0,(anonymous_17)
FNDA:0,(anonymous_18)
FNDA:0,(anonymous_19)
FNDA:0,(anonymous_20)
FNDA:0,(anonymous_21)
FNDA:0,(anonymous_22)
FNDA:0,(anonymous_23)
FNDA:0,(anonymous_24)
FNDA:0,(anonymous_25)
FNDA:0,(anonymous_26)
DA:19,0
DA:20,0
DA:21,0
DA:22,0
DA:23,0
DA:24,0
DA:25,0
DA:36,0
DA:45,0
DA:53,0
DA:54,0
DA:56,0
DA:68,0
DA:69,0
DA:70,0
DA:72,0
DA:83,0
DA:84,0
DA:85,0
DA:88,0
DA:90,0
DA:92,0
DA:102,0
DA:103,0
DA:104,0
DA:112,0
DA:113,0
DA:122,0
DA:125,0
DA:128,0
DA:129,0
DA:138,0
DA:140,0
DA:141,0
DA:142,0
DA:144,0
DA:145,0
DA:148,0
DA:149,0
DA:160,0
DA:161,0
DA:162,0
DA:163,0
DA:166,0
DA:167,0
DA:168,0
DA:179,0
DA:180,0
DA:182,0
DA:183,0
DA:184,0
DA:187,0
DA:192,0
DA:193,0
DA:197,0
DA:198,0
DA:200,0
DA:201,0
DA:205,0
DA:206,0
DA:211,0
DA:212,0
DA:213,0
DA:215,0
DA:216,0
DA:217,0
DA:218,0
DA:219,0
DA:223,0
DA:238,0
DA:239,0
DA:240,0
DA:241,0
DA:248,0
DA:249,0
DA:250,0
DA:254,0
DA:255,0
DA:266,0
DA:267,0
DA:268,0
DA:269,0
DA:270,0
DA:271,0
DA:274,0
DA:275,0
DA:278,0
DA:279,0
DA:288,0
DA:289,0
DA:298,0
DA:299,0
DA:308,0
DA:309,0
DA:316,0
DA:317,0
DA:318,0
DA:319,0
DA:325,0
DA:327,0
DA:328,0
DA:329,0
DA:330,0
DA:334,0
LF:104
LH:0
BRDA:69,1,0,0
BRDA:69,1,1,0
BRDA:141,2,0,0
BRDA:141,2,1,0
BRDA:144,3,0,0
BRDA:144,3,1,0
BRDA:161,4,0,0
BRDA:161,4,1,0
BRDA:161,5,0,0
BRDA:161,5,1,0
BRDA:184,6,0,0
BRDA:184,6,1,0
BRDA:239,7,0,0
BRDA:239,7,1,0
BRDA:248,8,0,0
BRDA:248,8,1,0
BRDA:248,9,0,0
BRDA:248,9,1,0
BRDA:268,10,0,0
BRDA:268,10,1,0
BRDA:270,11,0,0
BRDA:270,11,1,0
BRDA:274,12,0,0
BRDA:274,12,1,0
BRDA:325,13,0,0
BRDA:325,13,1,0
BRF:26
BRH:0
end_of_record
